2016-04-21 17:19:49,451 [http-8080-2] DEBUG [com.shark.base.modules.sys.security.SystemAuthorizingRealm] - login submit, active session size: 1, username: shark
2016-04-21 17:19:49,498 [http-8080-2] DEBUG [com.shark.base.modules.sys.dao.UserDao.getByLoginName] - ==>  Preparing: SELECT a.id, a.company_id AS "company.id", a.office_id AS "office.id", a.login_name, a.password, a.no, a.name, a.email, a.phone, a.mobile, a.user_type, a.login_ip, a.login_date, a.remarks, a.login_flag, a.photo, a.create_by AS "createBy.id", a.create_date, a.update_by AS "updateBy.id", a.update_date, a.del_flag, c.name AS "company.name", c.parent_id AS "company.parent.id", c.parent_ids AS "company.parentIds", ca.id AS "company.area.id", ca.name AS "company.area.name", ca.parent_id AS "company.area.parent.id", ca.parent_ids AS "company.area.parentIds", o.name AS "office.name", o.parent_id AS "office.parent.id", o.parent_ids AS "office.parentIds", oa.id AS "office.area.id", oa.name AS "office.area.name", oa.parent_id AS "office.area.parent.id", oa.parent_ids AS "office.area.parentIds", cu.id AS "company.primaryPerson.id", cu.name AS "company.primaryPerson.name", cu2.id AS "company.deputyPerson.id", cu2.name AS "company.deputyPerson.name", ou.id AS "office.primaryPerson.id", ou.name AS "office.primaryPerson.name", ou2.id AS "office.deputyPerson.id", ou2.name AS "office.deputyPerson.name" FROM sys_user a JOIN sys_office c ON c.id = a.company_id JOIN sys_area ca ON ca.id = c.area_id JOIN sys_office o ON o.id = a.office_id JOIN sys_area oa ON oa.id = o.area_id LEFT JOIN sys_user cu ON cu.id = c.primary_person LEFT JOIN sys_user cu2 ON cu2.id = c.deputy_person LEFT JOIN sys_user ou ON ou.id = o.primary_person LEFT JOIN sys_user ou2 ON ou2.id = o.deputy_person WHERE a.login_name = ? AND a.del_flag = ? 
2016-04-21 17:19:49,513 [http-8080-2] DEBUG [com.shark.base.modules.sys.dao.UserDao.getByLoginName] - ==> Parameters: shark(String), 0(String)
2016-04-21 17:19:49,700 [http-8080-2] DEBUG [com.shark.base.modules.sys.dao.UserDao.getByLoginName] - <==      Total: 1
2016-04-21 17:19:49,780 [http-8080-2] DEBUG [com.shark.base.modules.sys.dao.RoleDao.findList] - ==>  Preparing: SELECT a.id, a.office_id AS "office.id", a.name, a.enname, a.role_type AS roleType, a.data_scope AS dataScope, a.remarks, a.create_by AS "createBy.id", a.create_date, a.update_by AS "updateBy.id", a.update_date, a.del_flag, o.name AS "office.name", o.code, a.useable AS useable, a.is_sys AS sysData , ro.office_id AS "officeList.id" FROM sys_role a LEFT JOIN sys_office o ON o.id = a.office_id LEFT JOIN sys_user_role ur ON ur.role_id = a.id LEFT JOIN sys_user u ON u.id = ur.user_id LEFT JOIN sys_role_office ro ON ro.role_id = a.id WHERE a.del_flag = ? AND a.useable=? AND u.id = ? AND u.login_name = ? ORDER BY o.code, a.name 
2016-04-21 17:19:49,780 [http-8080-2] DEBUG [com.shark.base.modules.sys.dao.RoleDao.findList] - ==> Parameters: 0(String), 1(String), 1(String), shark(String)
2016-04-21 17:19:49,843 [http-8080-2] DEBUG [com.shark.base.modules.sys.dao.RoleDao.findList] - <==      Total: 1
2016-04-21 17:19:49,921 [http-8080-1] DEBUG [com.shark.base.modules.sys.interceptor.LogInterceptor] - 开始计时: 05:19:49.921  URI: /a
2016-04-21 17:19:49,936 [http-8080-1] DEBUG [com.shark.base.modules.sys.dao.MenuDao.findAllList] - ==>  Preparing: SELECT a.id, a.parent_id AS "parent.id", a.parent_ids, a.name, a.href, a.target, a.icon, a.sort, a.is_show, a.permission, a.remarks, a.create_by AS "createBy.id", a.create_date, a.update_by AS "updateBy.id", a.update_date, a.del_flag, p.name AS "parent.name" FROM sys_menu a LEFT JOIN sys_menu p ON p.id = a.parent_id WHERE a.del_flag = ? ORDER BY a.sort 
2016-04-21 17:19:49,936 [http-8080-1] DEBUG [com.shark.base.modules.sys.dao.MenuDao.findAllList] - ==> Parameters: 0(String)
2016-04-21 17:19:50,030 [http-8080-1] DEBUG [com.shark.base.modules.sys.dao.MenuDao.findAllList] - <==      Total: 49
2016-04-21 17:19:50,030 [http-8080-1] DEBUG [com.shark.base.modules.sys.dao.UserDao.updateLoginInfo] - ==>  Preparing: UPDATE sys_user SET login_ip = ?, login_Date = ? WHERE id = ? 
2016-04-21 17:19:50,046 [http-8080-1] DEBUG [com.shark.base.modules.sys.dao.UserDao.updateLoginInfo] - ==> Parameters: 0:0:0:0:0:0:0:1(String), 2016-04-21 17:19:50.03(Timestamp), 1(String)
2016-04-21 17:19:50,046 [http-8080-1] DEBUG [com.shark.base.modules.sys.dao.UserDao.updateLoginInfo] - <==    Updates: 1
2016-04-21 17:19:50,124 [SaveLogThread] DEBUG [com.shark.base.modules.sys.dao.LogDao.insert] - ==>  Preparing: INSERT INTO sys_log( id, type, title, create_by, create_date, remote_addr, user_agent, request_uri, method, params, exception ) VALUES ( ?, ?, ?, ?, ?, ?, ?, ?, ?, ?, ? ) 
2016-04-21 17:19:50,139 [SaveLogThread] DEBUG [com.shark.base.modules.sys.dao.LogDao.insert] - ==> Parameters: 6a86f71ffa6c4b8f9d64be9737b70425(String), 1(String), 系统登录(String), 1(String), 2016-04-21 17:19:50.124(Timestamp), 0:0:0:0:0:0:0:1(String), Mozilla/4.0 (compatible; MSIE 6.0; Windows NT 6.1; WOW64; SV1; SLCC2; .NET CLR 2.0.50727; .NET CLR 3.5.30729; .NET CLR 3.0.30729; .NET4.0C; .NET4.0E)(String), /a(String), GET(String), login=(String), (String)
2016-04-21 17:19:50,186 [http-8080-1] INFO  [com.shark.base.modules.sys.interceptor.LogInterceptor] - ViewName: modules/sys/new/sysAdminIndex
2016-04-21 17:19:50,233 [SaveLogThread] DEBUG [com.shark.base.modules.sys.dao.LogDao.insert] - <==    Updates: 1
2016-04-21 17:19:50,295 [http-8080-1] DEBUG [com.shark.base.modules.sys.interceptor.LogInterceptor] - 计时结束：05:19:50.295  耗时：0:0:0.374  URI: /a  最大内存: 986m  已分配内存: 155m  已分配内存中的剩余空间: 81m  最大可用内存: 912m
2016-04-21 17:19:50,295 [SaveLogThread] DEBUG [com.shark.base.modules.sys.dao.MenuDao.findAllList] - ==>  Preparing: SELECT a.id, a.parent_id AS "parent.id", a.parent_ids, a.name, a.href, a.target, a.icon, a.sort, a.is_show, a.permission, a.remarks, a.create_by AS "createBy.id", a.create_date, a.update_by AS "updateBy.id", a.update_date, a.del_flag, p.name AS "parent.name" FROM sys_menu a LEFT JOIN sys_menu p ON p.id = a.parent_id WHERE a.del_flag = ? ORDER BY a.sort 
2016-04-21 17:19:50,311 [SaveLogThread] DEBUG [com.shark.base.modules.sys.dao.MenuDao.findAllList] - ==> Parameters: 0(String)
2016-04-21 17:19:50,342 [SaveLogThread] DEBUG [com.shark.base.modules.sys.dao.MenuDao.findAllList] - <==      Total: 49
2016-04-21 17:19:50,906 [http-8080-2] DEBUG [com.shark.base.modules.sys.interceptor.LogInterceptor] - 开始计时: 05:19:50.906  URI: /a/sys/mainFrame/adminMain
2016-04-21 17:19:50,921 [http-8080-2] INFO  [com.shark.base.modules.sys.interceptor.LogInterceptor] - ViewName: modules/sys/new/adminMain
2016-04-21 17:19:50,968 [http-8080-2] DEBUG [com.shark.base.modules.sys.interceptor.LogInterceptor] - 计时结束：05:19:50.968  耗时：0:0:0.62  URI: /a/sys/mainFrame/adminMain  最大内存: 986m  已分配内存: 155m  已分配内存中的剩余空间: 59m  最大可用内存: 889m
2016-04-21 17:19:51,202 [http-8080-3] DEBUG [com.shark.base.modules.sys.interceptor.LogInterceptor] - 开始计时: 05:19:51.202  URI: /a/sys/mainFrame/adminTop
2016-04-21 17:19:51,202 [http-8080-1] DEBUG [com.shark.base.modules.sys.interceptor.LogInterceptor] - 开始计时: 05:19:51.202  URI: /a/sys/user/info
2016-04-21 17:19:51,202 [http-8080-2] DEBUG [com.shark.base.modules.sys.interceptor.LogInterceptor] - 开始计时: 05:19:51.202  URI: /a/sys/mainFrame/footer
2016-04-21 17:19:51,218 [http-8080-2] INFO  [com.shark.base.modules.sys.interceptor.LogInterceptor] - ViewName: modules/sys/new/footer
2016-04-21 17:19:51,218 [http-8080-3] INFO  [com.shark.base.modules.sys.interceptor.LogInterceptor] - ViewName: modules/sys/new/adminTop
2016-04-21 17:19:51,327 [http-8080-2] DEBUG [com.shark.base.modules.sys.interceptor.LogInterceptor] - 计时结束：05:19:51.327  耗时：0:0:0.125  URI: /a/sys/mainFrame/footer  最大内存: 986m  已分配内存: 155m  已分配内存中的剩余空间: 52m  最大可用内存: 883m
2016-04-21 17:19:51,374 [http-8080-1] INFO  [com.shark.base.modules.sys.interceptor.LogInterceptor] - ViewName: modules/sys/userInfo
2016-04-21 17:19:51,389 [http-8080-3] DEBUG [com.shark.base.modules.sys.interceptor.LogInterceptor] - 计时结束：05:19:51.389  耗时：0:0:0.187  URI: /a/sys/mainFrame/adminTop  最大内存: 986m  已分配内存: 155m  已分配内存中的剩余空间: 48m  最大可用内存: 879m
2016-04-21 17:19:51,722 [http-8080-2] DEBUG [com.shark.base.modules.sys.interceptor.LogInterceptor] - 开始计时: 05:19:51.722  URI: /a
2016-04-21 17:19:51,737 [http-8080-2] INFO  [com.shark.base.modules.sys.interceptor.LogInterceptor] - ViewName: modules/sys/new/sysAdminIndex
2016-04-21 17:19:51,737 [http-8080-2] DEBUG [com.shark.base.modules.sys.interceptor.LogInterceptor] - 计时结束：05:19:51.737  耗时：0:0:0.15  URI: /a  最大内存: 986m  已分配内存: 149m  已分配内存中的剩余空间: 112m  最大可用内存: 949m
2016-04-21 17:19:51,815 [http-8080-1] DEBUG [com.shark.base.modules.sys.interceptor.LogInterceptor] - 计时结束：05:19:51.815  耗时：0:0:0.613  URI: /a/sys/user/info  最大内存: 986m  已分配内存: 149m  已分配内存中的剩余空间: 110m  最大可用内存: 947m
2016-04-21 17:19:51,815 [SaveLogThread] DEBUG [com.shark.base.modules.sys.dao.LogDao.insert] - ==>  Preparing: INSERT INTO sys_log( id, type, title, create_by, create_date, remote_addr, user_agent, request_uri, method, params, exception ) VALUES ( ?, ?, ?, ?, ?, ?, ?, ?, ?, ?, ? ) 
2016-04-21 17:19:51,831 [SaveLogThread] DEBUG [com.shark.base.modules.sys.dao.LogDao.insert] - ==> Parameters: 10b926a8c6e947c49be10c0bffd7c486(String), 1(String), 我的面板-个人信息-个人信息(String), 1(String), 2016-04-21 17:19:51.815(Timestamp), 0:0:0:0:0:0:0:1(String), Mozilla/4.0 (compatible; MSIE 6.0; Windows NT 6.1; WOW64; SV1; SLCC2; .NET CLR 2.0.50727; .NET CLR 3.5.30729; .NET CLR 3.0.30729; .NET4.0C; .NET4.0E)(String), /a/sys/user/info(String), GET(String), (String), (String)
2016-04-21 17:19:52,096 [SaveLogThread] DEBUG [com.shark.base.modules.sys.dao.LogDao.insert] - <==    Updates: 1
2016-04-21 17:20:00,449 [http-8080-8] DEBUG [com.shark.base.modules.sys.interceptor.LogInterceptor] - 开始计时: 05:20:00.449  URI: /a
2016-04-21 17:20:00,464 [http-8080-8] INFO  [com.shark.base.modules.sys.interceptor.LogInterceptor] - ViewName: modules/sys/new/sysAdminIndex
2016-04-21 17:20:00,464 [http-8080-8] DEBUG [com.shark.base.modules.sys.interceptor.LogInterceptor] - 计时结束：05:20:00.464  耗时：0:0:0.15  URI: /a  最大内存: 986m  已分配内存: 149m  已分配内存中的剩余空间: 95m  最大可用内存: 932m
2016-04-21 17:20:00,879 [http-8080-4] DEBUG [com.shark.base.modules.sys.interceptor.LogInterceptor] - 开始计时: 05:20:00.879  URI: /a/sys/mainFrame/adminMain
2016-04-21 17:20:00,879 [http-8080-4] INFO  [com.shark.base.modules.sys.interceptor.LogInterceptor] - ViewName: modules/sys/new/adminMain
2016-04-21 17:20:00,896 [http-8080-4] DEBUG [com.shark.base.modules.sys.interceptor.LogInterceptor] - 计时结束：05:20:00.896  耗时：0:0:0.17  URI: /a/sys/mainFrame/adminMain  最大内存: 986m  已分配内存: 149m  已分配内存中的剩余空间: 76m  最大可用内存: 913m
2016-04-21 17:20:00,912 [http-8080-6] DEBUG [com.shark.base.modules.sys.interceptor.LogInterceptor] - 开始计时: 05:20:00.912  URI: /a/sys/user/info
2016-04-21 17:20:00,912 [http-8080-2] DEBUG [com.shark.base.modules.sys.interceptor.LogInterceptor] - 开始计时: 05:20:00.912  URI: /a/sys/mainFrame/adminTop
2016-04-21 17:20:00,912 [http-8080-5] DEBUG [com.shark.base.modules.sys.interceptor.LogInterceptor] - 开始计时: 05:20:00.912  URI: /a/sys/mainFrame/footer
2016-04-21 17:20:00,928 [http-8080-2] INFO  [com.shark.base.modules.sys.interceptor.LogInterceptor] - ViewName: modules/sys/new/adminTop
2016-04-21 17:20:00,943 [http-8080-6] INFO  [com.shark.base.modules.sys.interceptor.LogInterceptor] - ViewName: modules/sys/userInfo
2016-04-21 17:20:00,962 [http-8080-5] INFO  [com.shark.base.modules.sys.interceptor.LogInterceptor] - ViewName: modules/sys/new/footer
2016-04-21 17:20:00,962 [http-8080-2] DEBUG [com.shark.base.modules.sys.interceptor.LogInterceptor] - 计时结束：05:20:00.962  耗时：0:0:0.50  URI: /a/sys/mainFrame/adminTop  最大内存: 986m  已分配内存: 149m  已分配内存中的剩余空间: 74m  最大可用内存: 911m
2016-04-21 17:20:00,977 [http-8080-5] DEBUG [com.shark.base.modules.sys.interceptor.LogInterceptor] - 计时结束：05:20:00.977  耗时：0:0:0.65  URI: /a/sys/mainFrame/footer  最大内存: 986m  已分配内存: 149m  已分配内存中的剩余空间: 73m  最大可用内存: 910m
2016-04-21 17:20:00,977 [http-8080-6] DEBUG [com.shark.base.modules.sys.interceptor.LogInterceptor] - 计时结束：05:20:00.977  耗时：0:0:0.65  URI: /a/sys/user/info  最大内存: 986m  已分配内存: 149m  已分配内存中的剩余空间: 73m  最大可用内存: 910m
2016-04-21 17:20:00,993 [SaveLogThread] DEBUG [com.shark.base.modules.sys.dao.LogDao.insert] - ==>  Preparing: INSERT INTO sys_log( id, type, title, create_by, create_date, remote_addr, user_agent, request_uri, method, params, exception ) VALUES ( ?, ?, ?, ?, ?, ?, ?, ?, ?, ?, ? ) 
2016-04-21 17:20:00,993 [SaveLogThread] DEBUG [com.shark.base.modules.sys.dao.LogDao.insert] - ==> Parameters: 5a0811fb879143088d890f06e510d907(String), 1(String), 我的面板-个人信息-个人信息(String), 1(String), 2016-04-21 17:20:00.993(Timestamp), 0:0:0:0:0:0:0:1(String), Mozilla/4.0 (compatible; MSIE 6.0; Windows NT 6.1; WOW64; SV1; SLCC2; .NET CLR 2.0.50727; .NET CLR 3.5.30729; .NET CLR 3.0.30729; .NET4.0C; .NET4.0E)(String), /a/sys/user/info(String), GET(String), (String), (String)
2016-04-21 17:20:01,042 [SaveLogThread] DEBUG [com.shark.base.modules.sys.dao.LogDao.insert] - <==    Updates: 1
2016-04-21 17:20:46,760 [http-8080-4] DEBUG [com.shark.base.modules.sys.interceptor.LogInterceptor] - 开始计时: 05:20:46.760  URI: /a
2016-04-21 17:20:46,776 [http-8080-4] INFO  [com.shark.base.modules.sys.interceptor.LogInterceptor] - ViewName: modules/sys/new/sysAdminIndex
2016-04-21 17:20:46,776 [http-8080-4] DEBUG [com.shark.base.modules.sys.interceptor.LogInterceptor] - 计时结束：05:20:46.776  耗时：0:0:0.16  URI: /a  最大内存: 986m  已分配内存: 149m  已分配内存中的剩余空间: 30m  最大可用内存: 867m
2016-04-21 17:20:47,215 [http-8080-4] DEBUG [com.shark.base.modules.sys.interceptor.LogInterceptor] - 开始计时: 05:20:47.215  URI: /a/sys/mainFrame/adminMain
2016-04-21 17:20:47,230 [http-8080-4] INFO  [com.shark.base.modules.sys.interceptor.LogInterceptor] - ViewName: modules/sys/new/adminMain
2016-04-21 17:20:47,230 [http-8080-4] DEBUG [com.shark.base.modules.sys.interceptor.LogInterceptor] - 计时结束：05:20:47.230  耗时：0:0:0.15  URI: /a/sys/mainFrame/adminMain  最大内存: 986m  已分配内存: 144m  已分配内存中的剩余空间: 96m  最大可用内存: 938m
2016-04-21 17:20:47,511 [http-8080-6] DEBUG [com.shark.base.modules.sys.interceptor.LogInterceptor] - 开始计时: 05:20:47.511  URI: /a/sys/mainFrame/adminTop
2016-04-21 17:20:47,511 [http-8080-9] DEBUG [com.shark.base.modules.sys.interceptor.LogInterceptor] - 开始计时: 05:20:47.511  URI: /a/sys/user/info
2016-04-21 17:20:47,527 [http-8080-6] INFO  [com.shark.base.modules.sys.interceptor.LogInterceptor] - ViewName: modules/sys/new/adminTop
2016-04-21 17:20:47,527 [http-8080-4] DEBUG [com.shark.base.modules.sys.interceptor.LogInterceptor] - 开始计时: 05:20:47.527  URI: /a/sys/mainFrame/footer
2016-04-21 17:20:47,527 [http-8080-9] INFO  [com.shark.base.modules.sys.interceptor.LogInterceptor] - ViewName: modules/sys/userInfo
2016-04-21 17:20:47,527 [http-8080-6] DEBUG [com.shark.base.modules.sys.interceptor.LogInterceptor] - 计时结束：05:20:47.527  耗时：0:0:0.16  URI: /a/sys/mainFrame/adminTop  最大内存: 986m  已分配内存: 144m  已分配内存中的剩余空间: 94m  最大可用内存: 937m
2016-04-21 17:20:47,527 [http-8080-4] INFO  [com.shark.base.modules.sys.interceptor.LogInterceptor] - ViewName: modules/sys/new/footer
2016-04-21 17:20:47,542 [http-8080-4] DEBUG [com.shark.base.modules.sys.interceptor.LogInterceptor] - 计时结束：05:20:47.542  耗时：0:0:0.15  URI: /a/sys/mainFrame/footer  最大内存: 986m  已分配内存: 144m  已分配内存中的剩余空间: 92m  最大可用内存: 935m
2016-04-21 17:20:47,542 [http-8080-9] DEBUG [com.shark.base.modules.sys.interceptor.LogInterceptor] - 计时结束：05:20:47.542  耗时：0:0:0.31  URI: /a/sys/user/info  最大内存: 986m  已分配内存: 144m  已分配内存中的剩余空间: 91m  最大可用内存: 933m
2016-04-21 17:20:47,542 [SaveLogThread] DEBUG [com.shark.base.modules.sys.dao.LogDao.insert] - ==>  Preparing: INSERT INTO sys_log( id, type, title, create_by, create_date, remote_addr, user_agent, request_uri, method, params, exception ) VALUES ( ?, ?, ?, ?, ?, ?, ?, ?, ?, ?, ? ) 
2016-04-21 17:20:47,542 [SaveLogThread] DEBUG [com.shark.base.modules.sys.dao.LogDao.insert] - ==> Parameters: 96879a543b1340698f7862842e815b59(String), 1(String), 我的面板-个人信息-个人信息(String), 1(String), 2016-04-21 17:20:47.542(Timestamp), 0:0:0:0:0:0:0:1(String), Mozilla/4.0 (compatible; MSIE 6.0; Windows NT 6.1; WOW64; SV1; SLCC2; .NET CLR 2.0.50727; .NET CLR 3.5.30729; .NET CLR 3.0.30729; .NET4.0C; .NET4.0E)(String), /a/sys/user/info(String), GET(String), (String), (String)
2016-04-21 17:20:47,998 [SaveLogThread] DEBUG [com.shark.base.modules.sys.dao.LogDao.insert] - <==    Updates: 1
2016-04-21 17:23:17,461 [http-8080-3] DEBUG [com.shark.base.modules.sys.interceptor.LogInterceptor] - 开始计时: 05:23:17.461  URI: /a
2016-04-21 17:23:17,461 [http-8080-3] INFO  [com.shark.base.modules.sys.interceptor.LogInterceptor] - ViewName: modules/sys/new/sysAdminIndex
2016-04-21 17:23:17,476 [http-8080-3] DEBUG [com.shark.base.modules.sys.interceptor.LogInterceptor] - 计时结束：05:23:17.476  耗时：0:0:0.15  URI: /a  最大内存: 986m  已分配内存: 144m  已分配内存中的剩余空间: 47m  最大可用内存: 889m
2016-04-21 17:23:17,835 [http-8080-1] DEBUG [com.shark.base.modules.sys.interceptor.LogInterceptor] - 开始计时: 05:23:17.835  URI: /a/sys/mainFrame/adminMain
2016-04-21 17:23:17,851 [http-8080-1] INFO  [com.shark.base.modules.sys.interceptor.LogInterceptor] - ViewName: modules/sys/new/adminMain
2016-04-21 17:23:17,851 [http-8080-1] DEBUG [com.shark.base.modules.sys.interceptor.LogInterceptor] - 计时结束：05:23:17.851  耗时：0:0:0.16  URI: /a/sys/mainFrame/adminMain  最大内存: 986m  已分配内存: 144m  已分配内存中的剩余空间: 28m  最大可用内存: 870m
2016-04-21 17:23:17,866 [http-8080-8] DEBUG [com.shark.base.modules.sys.interceptor.LogInterceptor] - 开始计时: 05:23:17.866  URI: /a/sys/user/info
2016-04-21 17:23:17,866 [http-8080-3] DEBUG [com.shark.base.modules.sys.interceptor.LogInterceptor] - 开始计时: 05:23:17.866  URI: /a/sys/mainFrame/adminTop
2016-04-21 17:23:17,866 [http-8080-3] INFO  [com.shark.base.modules.sys.interceptor.LogInterceptor] - ViewName: modules/sys/new/adminTop
2016-04-21 17:23:17,866 [http-8080-8] INFO  [com.shark.base.modules.sys.interceptor.LogInterceptor] - ViewName: modules/sys/userInfo
2016-04-21 17:23:17,882 [http-8080-3] DEBUG [com.shark.base.modules.sys.interceptor.LogInterceptor] - 计时结束：05:23:17.882  耗时：0:0:0.16  URI: /a/sys/mainFrame/adminTop  最大内存: 986m  已分配内存: 144m  已分配内存中的剩余空间: 26m  最大可用内存: 868m
2016-04-21 17:23:17,882 [http-8080-1] DEBUG [com.shark.base.modules.sys.interceptor.LogInterceptor] - 开始计时: 05:23:17.882  URI: /a/sys/mainFrame/footer
2016-04-21 17:23:17,882 [http-8080-8] DEBUG [com.shark.base.modules.sys.interceptor.LogInterceptor] - 计时结束：05:23:17.882  耗时：0:0:0.16  URI: /a/sys/user/info  最大内存: 986m  已分配内存: 144m  已分配内存中的剩余空间: 26m  最大可用内存: 868m
2016-04-21 17:23:17,882 [SaveLogThread] DEBUG [com.shark.base.modules.sys.dao.LogDao.insert] - ==>  Preparing: INSERT INTO sys_log( id, type, title, create_by, create_date, remote_addr, user_agent, request_uri, method, params, exception ) VALUES ( ?, ?, ?, ?, ?, ?, ?, ?, ?, ?, ? ) 
2016-04-21 17:23:17,882 [SaveLogThread] DEBUG [com.shark.base.modules.sys.dao.LogDao.insert] - ==> Parameters: bda7b689176a4dd69a795aebfe3e020e(String), 1(String), 我的面板-个人信息-个人信息(String), 1(String), 2016-04-21 17:23:17.882(Timestamp), 0:0:0:0:0:0:0:1(String), Mozilla/4.0 (compatible; MSIE 6.0; Windows NT 6.1; WOW64; SV1; SLCC2; .NET CLR 2.0.50727; .NET CLR 3.5.30729; .NET CLR 3.0.30729; .NET4.0C; .NET4.0E)(String), /a/sys/user/info(String), GET(String), (String), (String)
2016-04-21 17:23:17,898 [http-8080-1] INFO  [com.shark.base.modules.sys.interceptor.LogInterceptor] - ViewName: modules/sys/new/footer
2016-04-21 17:23:17,898 [http-8080-1] DEBUG [com.shark.base.modules.sys.interceptor.LogInterceptor] - 计时结束：05:23:17.898  耗时：0:0:0.16  URI: /a/sys/mainFrame/footer  最大内存: 986m  已分配内存: 144m  已分配内存中的剩余空间: 25m  最大可用内存: 868m
2016-04-21 17:23:17,944 [SaveLogThread] DEBUG [com.shark.base.modules.sys.dao.LogDao.insert] - <==    Updates: 1
2016-04-21 17:23:21,736 [http-8080-4] DEBUG [com.shark.base.modules.sys.interceptor.LogInterceptor] - 开始计时: 05:23:21.736  URI: /a
2016-04-21 17:23:21,751 [http-8080-4] INFO  [com.shark.base.modules.sys.interceptor.LogInterceptor] - ViewName: modules/sys/new/sysAdminIndex
2016-04-21 17:23:21,751 [http-8080-4] DEBUG [com.shark.base.modules.sys.interceptor.LogInterceptor] - 计时结束：05:23:21.751  耗时：0:0:0.15  URI: /a  最大内存: 986m  已分配内存: 139m  已分配内存中的剩余空间: 67m  最大可用内存: 914m
2016-04-21 17:23:22,094 [http-8080-5] DEBUG [com.shark.base.modules.sys.interceptor.LogInterceptor] - 开始计时: 05:23:22.094  URI: /a/sys/mainFrame/adminMain
2016-04-21 17:23:22,110 [http-8080-5] INFO  [com.shark.base.modules.sys.interceptor.LogInterceptor] - ViewName: modules/sys/new/adminMain
2016-04-21 17:23:22,110 [http-8080-5] DEBUG [com.shark.base.modules.sys.interceptor.LogInterceptor] - 计时结束：05:23:22.110  耗时：0:0:0.16  URI: /a/sys/mainFrame/adminMain  最大内存: 986m  已分配内存: 139m  已分配内存中的剩余空间: 48m  最大可用内存: 895m
2016-04-21 17:23:22,377 [http-8080-6] DEBUG [com.shark.base.modules.sys.interceptor.LogInterceptor] - 开始计时: 05:23:22.377  URI: /a/sys/mainFrame/adminTop
2016-04-21 17:23:22,377 [http-8080-4] DEBUG [com.shark.base.modules.sys.interceptor.LogInterceptor] - 开始计时: 05:23:22.377  URI: /a/sys/user/info
2016-04-21 17:23:22,377 [http-8080-1] DEBUG [com.shark.base.modules.sys.interceptor.LogInterceptor] - 开始计时: 05:23:22.377  URI: /a/sys/mainFrame/footer
2016-04-21 17:23:22,377 [http-8080-6] INFO  [com.shark.base.modules.sys.interceptor.LogInterceptor] - ViewName: modules/sys/new/adminTop
2016-04-21 17:23:22,377 [http-8080-1] INFO  [com.shark.base.modules.sys.interceptor.LogInterceptor] - ViewName: modules/sys/new/footer
2016-04-21 17:23:22,377 [http-8080-6] DEBUG [com.shark.base.modules.sys.interceptor.LogInterceptor] - 计时结束：05:23:22.377  耗时：0:0:0.0  URI: /a/sys/mainFrame/adminTop  最大内存: 986m  已分配内存: 139m  已分配内存中的剩余空间: 47m  最大可用内存: 893m
2016-04-21 17:23:22,393 [http-8080-4] INFO  [com.shark.base.modules.sys.interceptor.LogInterceptor] - ViewName: modules/sys/userInfo
2016-04-21 17:23:22,393 [http-8080-1] DEBUG [com.shark.base.modules.sys.interceptor.LogInterceptor] - 计时结束：05:23:22.393  耗时：0:0:0.16  URI: /a/sys/mainFrame/footer  最大内存: 986m  已分配内存: 139m  已分配内存中的剩余空间: 47m  最大可用内存: 893m
2016-04-21 17:23:22,408 [http-8080-4] DEBUG [com.shark.base.modules.sys.interceptor.LogInterceptor] - 计时结束：05:23:22.408  耗时：0:0:0.31  URI: /a/sys/user/info  最大内存: 986m  已分配内存: 139m  已分配内存中的剩余空间: 44m  最大可用内存: 891m
2016-04-21 17:23:22,408 [SaveLogThread] DEBUG [com.shark.base.modules.sys.dao.LogDao.insert] - ==>  Preparing: INSERT INTO sys_log( id, type, title, create_by, create_date, remote_addr, user_agent, request_uri, method, params, exception ) VALUES ( ?, ?, ?, ?, ?, ?, ?, ?, ?, ?, ? ) 
2016-04-21 17:23:22,408 [SaveLogThread] DEBUG [com.shark.base.modules.sys.dao.LogDao.insert] - ==> Parameters: 59502f83854f496482e3d2c5c9fd06c5(String), 1(String), 我的面板-个人信息-个人信息(String), 1(String), 2016-04-21 17:23:22.408(Timestamp), 0:0:0:0:0:0:0:1(String), Mozilla/4.0 (compatible; MSIE 6.0; Windows NT 6.1; WOW64; SV1; SLCC2; .NET CLR 2.0.50727; .NET CLR 3.5.30729; .NET CLR 3.0.30729; .NET4.0C; .NET4.0E)(String), /a/sys/user/info(String), GET(String), (String), (String)
2016-04-21 17:23:22,455 [SaveLogThread] DEBUG [com.shark.base.modules.sys.dao.LogDao.insert] - <==    Updates: 1
2016-04-21 17:24:16,761 [http-8080-5] DEBUG [com.shark.base.modules.sys.security.SystemAuthorizingRealm] - login submit, active session size: 2, username: shark
2016-04-21 17:24:16,777 [http-8080-5] DEBUG [com.shark.base.modules.sys.interceptor.LogInterceptor] - 开始计时: 05:24:16.777  URI: /a
2016-04-21 17:24:16,777 [http-8080-5] DEBUG [com.shark.base.modules.sys.dao.MenuDao.findAllList] - ==>  Preparing: SELECT a.id, a.parent_id AS "parent.id", a.parent_ids, a.name, a.href, a.target, a.icon, a.sort, a.is_show, a.permission, a.remarks, a.create_by AS "createBy.id", a.create_date, a.update_by AS "updateBy.id", a.update_date, a.del_flag, p.name AS "parent.name" FROM sys_menu a LEFT JOIN sys_menu p ON p.id = a.parent_id WHERE a.del_flag = ? ORDER BY a.sort 
2016-04-21 17:24:16,777 [http-8080-5] DEBUG [com.shark.base.modules.sys.dao.MenuDao.findAllList] - ==> Parameters: 0(String)
2016-04-21 17:24:16,808 [http-8080-5] DEBUG [com.shark.base.modules.sys.dao.MenuDao.findAllList] - <==      Total: 49
2016-04-21 17:24:16,808 [http-8080-5] DEBUG [com.shark.base.modules.sys.dao.UserDao.updateLoginInfo] - ==>  Preparing: UPDATE sys_user SET login_ip = ?, login_Date = ? WHERE id = ? 
2016-04-21 17:24:16,808 [http-8080-5] DEBUG [com.shark.base.modules.sys.dao.UserDao.updateLoginInfo] - ==> Parameters: 0:0:0:0:0:0:0:1(String), 2016-04-21 17:24:16.808(Timestamp), 1(String)
2016-04-21 17:24:16,839 [http-8080-5] DEBUG [com.shark.base.modules.sys.dao.UserDao.updateLoginInfo] - <==    Updates: 1
2016-04-21 17:24:16,871 [SaveLogThread] DEBUG [com.shark.base.modules.sys.dao.LogDao.insert] - ==>  Preparing: INSERT INTO sys_log( id, type, title, create_by, create_date, remote_addr, user_agent, request_uri, method, params, exception ) VALUES ( ?, ?, ?, ?, ?, ?, ?, ?, ?, ?, ? ) 
2016-04-21 17:24:16,871 [SaveLogThread] DEBUG [com.shark.base.modules.sys.dao.LogDao.insert] - ==> Parameters: e25c8367f6554eb78a5bb9921558d034(String), 1(String), 系统登录(String), 1(String), 2016-04-21 17:24:16.855(Timestamp), 0:0:0:0:0:0:0:1(String), Mozilla/4.0 (compatible; MSIE 6.0; Windows NT 6.1; WOW64; SV1; SLCC2; .NET CLR 2.0.50727; .NET CLR 3.5.30729; .NET CLR 3.0.30729; .NET4.0C; .NET4.0E)(String), /a(String), GET(String), login=(String), (String)
2016-04-21 17:24:16,871 [http-8080-5] INFO  [com.shark.base.modules.sys.interceptor.LogInterceptor] - ViewName: modules/sys/new/sysAdminIndex
2016-04-21 17:24:16,871 [http-8080-5] DEBUG [com.shark.base.modules.sys.interceptor.LogInterceptor] - 计时结束：05:24:16.871  耗时：0:0:0.94  URI: /a  最大内存: 986m  已分配内存: 135m  已分配内存中的剩余空间: 79m  最大可用内存: 929m
2016-04-21 17:24:16,902 [SaveLogThread] DEBUG [com.shark.base.modules.sys.dao.LogDao.insert] - <==    Updates: 1
2016-04-21 17:24:17,027 [http-8080-5] DEBUG [com.shark.base.modules.sys.interceptor.LogInterceptor] - 开始计时: 05:24:17.027  URI: /a/sys/mainFrame/adminMain
2016-04-21 17:24:17,042 [http-8080-5] INFO  [com.shark.base.modules.sys.interceptor.LogInterceptor] - ViewName: modules/sys/new/adminMain
2016-04-21 17:24:17,042 [http-8080-5] DEBUG [com.shark.base.modules.sys.interceptor.LogInterceptor] - 计时结束：05:24:17.042  耗时：0:0:0.15  URI: /a/sys/mainFrame/adminMain  最大内存: 986m  已分配内存: 135m  已分配内存中的剩余空间: 77m  最大可用内存: 928m
2016-04-21 17:24:17,058 [http-8080-5] DEBUG [com.shark.base.modules.sys.interceptor.LogInterceptor] - 开始计时: 05:24:17.058  URI: /a/sys/mainFrame/adminTop
2016-04-21 17:24:17,058 [http-8080-10] DEBUG [com.shark.base.modules.sys.interceptor.LogInterceptor] - 开始计时: 05:24:17.058  URI: /a/sys/user/info
2016-04-21 17:24:17,058 [http-8080-5] INFO  [com.shark.base.modules.sys.interceptor.LogInterceptor] - ViewName: modules/sys/new/adminTop
2016-04-21 17:24:17,058 [http-8080-10] INFO  [com.shark.base.modules.sys.interceptor.LogInterceptor] - ViewName: modules/sys/userInfo
2016-04-21 17:24:17,058 [http-8080-5] DEBUG [com.shark.base.modules.sys.interceptor.LogInterceptor] - 计时结束：05:24:17.058  耗时：0:0:0.0  URI: /a/sys/mainFrame/adminTop  最大内存: 986m  已分配内存: 135m  已分配内存中的剩余空间: 76m  最大可用内存: 926m
2016-04-21 17:24:17,073 [http-8080-9] DEBUG [com.shark.base.modules.sys.interceptor.LogInterceptor] - 开始计时: 05:24:17.073  URI: /a/sys/mainFrame/footer
2016-04-21 17:24:17,073 [http-8080-10] DEBUG [com.shark.base.modules.sys.interceptor.LogInterceptor] - 计时结束：05:24:17.073  耗时：0:0:0.15  URI: /a/sys/user/info  最大内存: 986m  已分配内存: 135m  已分配内存中的剩余空间: 75m  最大可用内存: 925m
2016-04-21 17:24:17,073 [SaveLogThread] DEBUG [com.shark.base.modules.sys.dao.LogDao.insert] - ==>  Preparing: INSERT INTO sys_log( id, type, title, create_by, create_date, remote_addr, user_agent, request_uri, method, params, exception ) VALUES ( ?, ?, ?, ?, ?, ?, ?, ?, ?, ?, ? ) 
2016-04-21 17:24:17,089 [http-8080-9] INFO  [com.shark.base.modules.sys.interceptor.LogInterceptor] - ViewName: modules/sys/new/footer
2016-04-21 17:24:17,089 [SaveLogThread] DEBUG [com.shark.base.modules.sys.dao.LogDao.insert] - ==> Parameters: b98dae7bf054484fa0c59f7685ddeab8(String), 1(String), 我的面板-个人信息-个人信息(String), 1(String), 2016-04-21 17:24:17.073(Timestamp), 0:0:0:0:0:0:0:1(String), Mozilla/4.0 (compatible; MSIE 6.0; Windows NT 6.1; WOW64; SV1; SLCC2; .NET CLR 2.0.50727; .NET CLR 3.5.30729; .NET CLR 3.0.30729; .NET4.0C; .NET4.0E)(String), /a/sys/user/info(String), GET(String), (String), (String)
2016-04-21 17:24:17,089 [http-8080-9] DEBUG [com.shark.base.modules.sys.interceptor.LogInterceptor] - 计时结束：05:24:17.089  耗时：0:0:0.16  URI: /a/sys/mainFrame/footer  最大内存: 986m  已分配内存: 135m  已分配内存中的剩余空间: 75m  最大可用内存: 925m
2016-04-21 17:24:17,120 [SaveLogThread] DEBUG [com.shark.base.modules.sys.dao.LogDao.insert] - <==    Updates: 1
2016-04-21 17:24:17,229 [http-8080-10] DEBUG [com.shark.base.modules.sys.interceptor.LogInterceptor] - 开始计时: 05:24:17.229  URI: /a
2016-04-21 17:24:17,229 [http-8080-10] INFO  [com.shark.base.modules.sys.interceptor.LogInterceptor] - ViewName: modules/sys/new/sysAdminIndex
2016-04-21 17:24:17,229 [http-8080-10] DEBUG [com.shark.base.modules.sys.interceptor.LogInterceptor] - 计时结束：05:24:17.229  耗时：0:0:0.0  URI: /a  最大内存: 986m  已分配内存: 135m  已分配内存中的剩余空间: 74m  最大可用内存: 924m
2016-04-21 17:24:22,032 [http-8080-5] DEBUG [com.shark.base.modules.sys.interceptor.LogInterceptor] - 开始计时: 05:24:22.032  URI: /a
2016-04-21 17:24:22,047 [http-8080-5] INFO  [com.shark.base.modules.sys.interceptor.LogInterceptor] - ViewName: modules/sys/new/sysAdminIndex
2016-04-21 17:24:22,047 [http-8080-5] DEBUG [com.shark.base.modules.sys.interceptor.LogInterceptor] - 计时结束：05:24:22.047  耗时：0:0:0.15  URI: /a  最大内存: 986m  已分配内存: 135m  已分配内存中的剩余空间: 71m  最大可用内存: 921m
2016-04-21 17:24:22,378 [http-8080-10] DEBUG [com.shark.base.modules.sys.interceptor.LogInterceptor] - 开始计时: 05:24:22.378  URI: /a/sys/mainFrame/adminMain
2016-04-21 17:24:22,378 [http-8080-10] INFO  [com.shark.base.modules.sys.interceptor.LogInterceptor] - ViewName: modules/sys/new/adminMain
2016-04-21 17:24:22,378 [http-8080-10] DEBUG [com.shark.base.modules.sys.interceptor.LogInterceptor] - 计时结束：05:24:22.378  耗时：0:0:0.0  URI: /a/sys/mainFrame/adminMain  最大内存: 986m  已分配内存: 135m  已分配内存中的剩余空间: 52m  最大可用内存: 902m
2016-04-21 17:24:22,393 [http-8080-9] DEBUG [com.shark.base.modules.sys.interceptor.LogInterceptor] - 开始计时: 05:24:22.393  URI: /a/sys/mainFrame/adminTop
2016-04-21 17:24:22,393 [http-8080-5] DEBUG [com.shark.base.modules.sys.interceptor.LogInterceptor] - 开始计时: 05:24:22.393  URI: /a/sys/user/info
2016-04-21 17:24:22,393 [http-8080-10] DEBUG [com.shark.base.modules.sys.interceptor.LogInterceptor] - 开始计时: 05:24:22.393  URI: /a/sys/mainFrame/footer
2016-04-21 17:24:22,393 [http-8080-9] INFO  [com.shark.base.modules.sys.interceptor.LogInterceptor] - ViewName: modules/sys/new/adminTop
2016-04-21 17:24:22,409 [http-8080-10] INFO  [com.shark.base.modules.sys.interceptor.LogInterceptor] - ViewName: modules/sys/new/footer
2016-04-21 17:24:22,409 [http-8080-9] DEBUG [com.shark.base.modules.sys.interceptor.LogInterceptor] - 计时结束：05:24:22.409  耗时：0:0:0.16  URI: /a/sys/mainFrame/adminTop  最大内存: 986m  已分配内存: 135m  已分配内存中的剩余空间: 50m  最大可用内存: 901m
2016-04-21 17:24:22,425 [http-8080-5] INFO  [com.shark.base.modules.sys.interceptor.LogInterceptor] - ViewName: modules/sys/userInfo
2016-04-21 17:24:22,425 [http-8080-10] DEBUG [com.shark.base.modules.sys.interceptor.LogInterceptor] - 计时结束：05:24:22.425  耗时：0:0:0.32  URI: /a/sys/mainFrame/footer  最大内存: 986m  已分配内存: 135m  已分配内存中的剩余空间: 50m  最大可用内存: 900m
2016-04-21 17:24:22,425 [http-8080-5] DEBUG [com.shark.base.modules.sys.interceptor.LogInterceptor] - 计时结束：05:24:22.425  耗时：0:0:0.32  URI: /a/sys/user/info  最大内存: 986m  已分配内存: 135m  已分配内存中的剩余空间: 49m  最大可用内存: 899m
2016-04-21 17:24:22,425 [SaveLogThread] DEBUG [com.shark.base.modules.sys.dao.LogDao.insert] - ==>  Preparing: INSERT INTO sys_log( id, type, title, create_by, create_date, remote_addr, user_agent, request_uri, method, params, exception ) VALUES ( ?, ?, ?, ?, ?, ?, ?, ?, ?, ?, ? ) 
2016-04-21 17:24:22,425 [SaveLogThread] DEBUG [com.shark.base.modules.sys.dao.LogDao.insert] - ==> Parameters: 704e84c9f0fc4769a7a551749823ee32(String), 1(String), 我的面板-个人信息-个人信息(String), 1(String), 2016-04-21 17:24:22.425(Timestamp), 0:0:0:0:0:0:0:1(String), Mozilla/4.0 (compatible; MSIE 6.0; Windows NT 6.1; WOW64; SV1; SLCC2; .NET CLR 2.0.50727; .NET CLR 3.5.30729; .NET CLR 3.0.30729; .NET4.0C; .NET4.0E)(String), /a/sys/user/info(String), GET(String), (String), (String)
2016-04-21 17:24:22,456 [SaveLogThread] DEBUG [com.shark.base.modules.sys.dao.LogDao.insert] - <==    Updates: 1
2016-04-21 17:25:27,929 [http-8080-1] DEBUG [com.shark.base.modules.sys.security.SystemAuthorizingRealm] - login submit, active session size: 1, username: shark
2016-04-21 17:25:27,960 [http-8080-1] DEBUG [com.shark.base.modules.sys.dao.UserDao.getByLoginName] - ==>  Preparing: SELECT a.id, a.company_id AS "company.id", a.office_id AS "office.id", a.login_name, a.password, a.no, a.name, a.email, a.phone, a.mobile, a.user_type, a.login_ip, a.login_date, a.remarks, a.login_flag, a.photo, a.create_by AS "createBy.id", a.create_date, a.update_by AS "updateBy.id", a.update_date, a.del_flag, c.name AS "company.name", c.parent_id AS "company.parent.id", c.parent_ids AS "company.parentIds", ca.id AS "company.area.id", ca.name AS "company.area.name", ca.parent_id AS "company.area.parent.id", ca.parent_ids AS "company.area.parentIds", o.name AS "office.name", o.parent_id AS "office.parent.id", o.parent_ids AS "office.parentIds", oa.id AS "office.area.id", oa.name AS "office.area.name", oa.parent_id AS "office.area.parent.id", oa.parent_ids AS "office.area.parentIds", cu.id AS "company.primaryPerson.id", cu.name AS "company.primaryPerson.name", cu2.id AS "company.deputyPerson.id", cu2.name AS "company.deputyPerson.name", ou.id AS "office.primaryPerson.id", ou.name AS "office.primaryPerson.name", ou2.id AS "office.deputyPerson.id", ou2.name AS "office.deputyPerson.name" FROM sys_user a JOIN sys_office c ON c.id = a.company_id JOIN sys_area ca ON ca.id = c.area_id JOIN sys_office o ON o.id = a.office_id JOIN sys_area oa ON oa.id = o.area_id LEFT JOIN sys_user cu ON cu.id = c.primary_person LEFT JOIN sys_user cu2 ON cu2.id = c.deputy_person LEFT JOIN sys_user ou ON ou.id = o.primary_person LEFT JOIN sys_user ou2 ON ou2.id = o.deputy_person WHERE a.login_name = ? AND a.del_flag = ? 
2016-04-21 17:25:27,976 [http-8080-1] DEBUG [com.shark.base.modules.sys.dao.UserDao.getByLoginName] - ==> Parameters: shark(String), 0(String)
2016-04-21 17:25:27,992 [http-8080-1] DEBUG [com.shark.base.modules.sys.dao.UserDao.getByLoginName] - <==      Total: 1
2016-04-21 17:25:28,070 [http-8080-1] DEBUG [com.shark.base.modules.sys.dao.RoleDao.findList] - ==>  Preparing: SELECT a.id, a.office_id AS "office.id", a.name, a.enname, a.role_type AS roleType, a.data_scope AS dataScope, a.remarks, a.create_by AS "createBy.id", a.create_date, a.update_by AS "updateBy.id", a.update_date, a.del_flag, o.name AS "office.name", o.code, a.useable AS useable, a.is_sys AS sysData , ro.office_id AS "officeList.id" FROM sys_role a LEFT JOIN sys_office o ON o.id = a.office_id LEFT JOIN sys_user_role ur ON ur.role_id = a.id LEFT JOIN sys_user u ON u.id = ur.user_id LEFT JOIN sys_role_office ro ON ro.role_id = a.id WHERE a.del_flag = ? AND a.useable=? AND u.id = ? AND u.login_name = ? ORDER BY o.code, a.name 
2016-04-21 17:25:28,070 [http-8080-1] DEBUG [com.shark.base.modules.sys.dao.RoleDao.findList] - ==> Parameters: 0(String), 1(String), 1(String), shark(String)
2016-04-21 17:25:28,070 [http-8080-1] DEBUG [com.shark.base.modules.sys.dao.RoleDao.findList] - <==      Total: 1
2016-04-21 17:25:28,101 [http-8080-1] DEBUG [com.shark.base.modules.sys.interceptor.LogInterceptor] - 开始计时: 05:25:28.101  URI: /a
2016-04-21 17:25:28,116 [http-8080-1] DEBUG [com.shark.base.modules.sys.dao.MenuDao.findAllList] - ==>  Preparing: SELECT a.id, a.parent_id AS "parent.id", a.parent_ids, a.name, a.href, a.target, a.icon, a.sort, a.is_show, a.permission, a.remarks, a.create_by AS "createBy.id", a.create_date, a.update_by AS "updateBy.id", a.update_date, a.del_flag, p.name AS "parent.name" FROM sys_menu a LEFT JOIN sys_menu p ON p.id = a.parent_id WHERE a.del_flag = ? ORDER BY a.sort 
2016-04-21 17:25:28,116 [http-8080-1] DEBUG [com.shark.base.modules.sys.dao.MenuDao.findAllList] - ==> Parameters: 0(String)
2016-04-21 17:25:28,194 [http-8080-1] DEBUG [com.shark.base.modules.sys.dao.MenuDao.findAllList] - <==      Total: 49
2016-04-21 17:25:28,194 [http-8080-1] DEBUG [com.shark.base.modules.sys.dao.UserDao.updateLoginInfo] - ==>  Preparing: UPDATE sys_user SET login_ip = ?, login_Date = ? WHERE id = ? 
2016-04-21 17:25:28,210 [http-8080-1] DEBUG [com.shark.base.modules.sys.dao.UserDao.updateLoginInfo] - ==> Parameters: 0:0:0:0:0:0:0:1(String), 2016-04-21 17:25:28.194(Timestamp), 1(String)
2016-04-21 17:25:28,210 [http-8080-1] DEBUG [com.shark.base.modules.sys.dao.UserDao.updateLoginInfo] - <==    Updates: 1
2016-04-21 17:25:28,272 [SaveLogThread] DEBUG [com.shark.base.modules.sys.dao.LogDao.insert] - ==>  Preparing: INSERT INTO sys_log( id, type, title, create_by, create_date, remote_addr, user_agent, request_uri, method, params, exception ) VALUES ( ?, ?, ?, ?, ?, ?, ?, ?, ?, ?, ? ) 
2016-04-21 17:25:28,272 [SaveLogThread] DEBUG [com.shark.base.modules.sys.dao.LogDao.insert] - ==> Parameters: 92b3f27133fa4e1bbbc48b7ceeadcb8a(String), 1(String), 系统登录(String), 1(String), 2016-04-21 17:25:28.272(Timestamp), 0:0:0:0:0:0:0:1(String), Mozilla/4.0 (compatible; MSIE 6.0; Windows NT 6.1; WOW64; SV1; SLCC2; .NET CLR 2.0.50727; .NET CLR 3.5.30729; .NET CLR 3.0.30729; .NET4.0C; .NET4.0E)(String), /a(String), GET(String), login=(String), (String)
2016-04-21 17:25:28,319 [SaveLogThread] DEBUG [com.shark.base.modules.sys.dao.LogDao.insert] - <==    Updates: 1
2016-04-21 17:25:28,366 [http-8080-1] INFO  [com.shark.base.modules.sys.interceptor.LogInterceptor] - ViewName: modules/sys/new/sysAdminIndex
2016-04-21 17:25:28,571 [http-8080-1] DEBUG [com.shark.base.modules.sys.interceptor.LogInterceptor] - 计时结束：05:25:28.571  耗时：0:0:0.470  URI: /a  最大内存: 986m  已分配内存: 149m  已分配内存中的剩余空间: 95m  最大可用内存: 931m
2016-04-21 17:25:28,571 [SaveLogThread] DEBUG [com.shark.base.modules.sys.dao.MenuDao.findAllList] - ==>  Preparing: SELECT a.id, a.parent_id AS "parent.id", a.parent_ids, a.name, a.href, a.target, a.icon, a.sort, a.is_show, a.permission, a.remarks, a.create_by AS "createBy.id", a.create_date, a.update_by AS "updateBy.id", a.update_date, a.del_flag, p.name AS "parent.name" FROM sys_menu a LEFT JOIN sys_menu p ON p.id = a.parent_id WHERE a.del_flag = ? ORDER BY a.sort 
2016-04-21 17:25:28,586 [SaveLogThread] DEBUG [com.shark.base.modules.sys.dao.MenuDao.findAllList] - ==> Parameters: 0(String)
2016-04-21 17:25:28,618 [SaveLogThread] DEBUG [com.shark.base.modules.sys.dao.MenuDao.findAllList] - <==      Total: 49
2016-04-21 17:25:28,758 [http-8080-1] DEBUG [com.shark.base.modules.sys.interceptor.LogInterceptor] - 开始计时: 05:25:28.758  URI: /a/sys/mainFrame/adminMain
2016-04-21 17:25:28,774 [http-8080-1] INFO  [com.shark.base.modules.sys.interceptor.LogInterceptor] - ViewName: modules/sys/new/adminMain
2016-04-21 17:25:28,976 [http-8080-1] DEBUG [com.shark.base.modules.sys.interceptor.LogInterceptor] - 计时结束：05:25:28.976  耗时：0:0:0.218  URI: /a/sys/mainFrame/adminMain  最大内存: 986m  已分配内存: 149m  已分配内存中的剩余空间: 77m  最大可用内存: 913m
2016-04-21 17:25:29,008 [http-8080-1] DEBUG [com.shark.base.modules.sys.interceptor.LogInterceptor] - 开始计时: 05:25:29.008  URI: /a/sys/mainFrame/adminTop
2016-04-21 17:25:29,008 [http-8080-2] DEBUG [com.shark.base.modules.sys.interceptor.LogInterceptor] - 开始计时: 05:25:29.008  URI: /a/sys/user/info
2016-04-21 17:25:29,008 [http-8080-3] DEBUG [com.shark.base.modules.sys.interceptor.LogInterceptor] - 开始计时: 05:25:29.008  URI: /a/sys/mainFrame/footer
2016-04-21 17:25:29,008 [http-8080-1] INFO  [com.shark.base.modules.sys.interceptor.LogInterceptor] - ViewName: modules/sys/new/adminTop
2016-04-21 17:25:29,039 [http-8080-3] INFO  [com.shark.base.modules.sys.interceptor.LogInterceptor] - ViewName: modules/sys/new/footer
2016-04-21 17:25:29,226 [http-8080-2] INFO  [com.shark.base.modules.sys.interceptor.LogInterceptor] - ViewName: modules/sys/userInfo
2016-04-21 17:25:30,480 [http-8080-3] DEBUG [com.shark.base.modules.sys.interceptor.LogInterceptor] - 计时结束：05:25:30.480  耗时：0:0:1.472  URI: /a/sys/mainFrame/footer  最大内存: 986m  已分配内存: 145m  已分配内存中的剩余空间: 101m  最大可用内存: 942m
2016-04-21 17:25:30,714 [http-8080-1] DEBUG [com.shark.base.modules.sys.interceptor.LogInterceptor] - 计时结束：05:25:30.714  耗时：0:0:1.706  URI: /a/sys/mainFrame/adminTop  最大内存: 986m  已分配内存: 145m  已分配内存中的剩余空间: 87m  最大可用内存: 928m
2016-04-21 17:25:30,870 [http-8080-3] DEBUG [com.shark.base.modules.sys.interceptor.LogInterceptor] - 开始计时: 05:25:30.870  URI: /a
2016-04-21 17:25:30,886 [http-8080-3] INFO  [com.shark.base.modules.sys.interceptor.LogInterceptor] - ViewName: modules/sys/new/sysAdminIndex
2016-04-21 17:25:30,886 [http-8080-3] DEBUG [com.shark.base.modules.sys.interceptor.LogInterceptor] - 计时结束：05:25:30.886  耗时：0:0:0.16  URI: /a  最大内存: 986m  已分配内存: 145m  已分配内存中的剩余空间: 80m  最大可用内存: 920m
2016-04-21 17:25:31,073 [http-8080-2] DEBUG [com.shark.base.modules.sys.interceptor.LogInterceptor] - 计时结束：05:25:31.073  耗时：0:0:2.65  URI: /a/sys/user/info  最大内存: 986m  已分配内存: 145m  已分配内存中的剩余空间: 62m  最大可用内存: 902m
2016-04-21 17:25:31,073 [SaveLogThread] DEBUG [com.shark.base.modules.sys.dao.LogDao.insert] - ==>  Preparing: INSERT INTO sys_log( id, type, title, create_by, create_date, remote_addr, user_agent, request_uri, method, params, exception ) VALUES ( ?, ?, ?, ?, ?, ?, ?, ?, ?, ?, ? ) 
2016-04-21 17:25:31,073 [SaveLogThread] DEBUG [com.shark.base.modules.sys.dao.LogDao.insert] - ==> Parameters: 7247e26336d948e5884a238dc13b89d8(String), 1(String), 我的面板-个人信息-个人信息(String), 1(String), 2016-04-21 17:25:31.073(Timestamp), 0:0:0:0:0:0:0:1(String), Mozilla/4.0 (compatible; MSIE 6.0; Windows NT 6.1; WOW64; SV1; SLCC2; .NET CLR 2.0.50727; .NET CLR 3.5.30729; .NET CLR 3.0.30729; .NET4.0C; .NET4.0E)(String), /a/sys/user/info(String), GET(String), (String), (String)
2016-04-21 17:25:31,120 [SaveLogThread] DEBUG [com.shark.base.modules.sys.dao.LogDao.insert] - <==    Updates: 1
2016-04-21 17:26:38,119 [http-8080-1] DEBUG [com.shark.base.modules.sys.interceptor.LogInterceptor] - 开始计时: 05:26:38.119  URI: /a
2016-04-21 17:26:38,135 [http-8080-1] INFO  [com.shark.base.modules.sys.interceptor.LogInterceptor] - ViewName: modules/sys/new/sysAdminIndex
2016-04-21 17:26:38,135 [http-8080-1] DEBUG [com.shark.base.modules.sys.interceptor.LogInterceptor] - 计时结束：05:26:38.135  耗时：0:0:0.16  URI: /a  最大内存: 986m  已分配内存: 140m  已分配内存中的剩余空间: 98m  最大可用内存: 944m
2016-04-21 17:26:38,495 [http-8080-2] DEBUG [com.shark.base.modules.sys.interceptor.LogInterceptor] - 开始计时: 05:26:38.495  URI: /a/sys/mainFrame/adminMain
2016-04-21 17:26:38,511 [http-8080-2] INFO  [com.shark.base.modules.sys.interceptor.LogInterceptor] - ViewName: modules/sys/new/adminMain
2016-04-21 17:26:38,527 [http-8080-2] DEBUG [com.shark.base.modules.sys.interceptor.LogInterceptor] - 计时结束：05:26:38.527  耗时：0:0:0.32  URI: /a/sys/mainFrame/adminMain  最大内存: 986m  已分配内存: 140m  已分配内存中的剩余空间: 79m  最大可用内存: 925m
2016-04-21 17:26:38,731 [http-8080-1] DEBUG [com.shark.base.modules.sys.interceptor.LogInterceptor] - 开始计时: 05:26:38.731  URI: /a/sys/mainFrame/adminTop
2016-04-21 17:26:38,747 [http-8080-1] INFO  [com.shark.base.modules.sys.interceptor.LogInterceptor] - ViewName: modules/sys/new/adminTop
2016-04-21 17:26:38,747 [http-8080-3] DEBUG [com.shark.base.modules.sys.interceptor.LogInterceptor] - 开始计时: 05:26:38.747  URI: /a/sys/user/info
2016-04-21 17:26:38,747 [http-8080-2] DEBUG [com.shark.base.modules.sys.interceptor.LogInterceptor] - 开始计时: 05:26:38.747  URI: /a/sys/mainFrame/footer
2016-04-21 17:26:38,763 [http-8080-2] INFO  [com.shark.base.modules.sys.interceptor.LogInterceptor] - ViewName: modules/sys/new/footer
2016-04-21 17:26:38,778 [http-8080-1] DEBUG [com.shark.base.modules.sys.interceptor.LogInterceptor] - 计时结束：05:26:38.778  耗时：0:0:0.47  URI: /a/sys/mainFrame/adminTop  最大内存: 986m  已分配内存: 140m  已分配内存中的剩余空间: 78m  最大可用内存: 924m
2016-04-21 17:26:38,778 [http-8080-3] INFO  [com.shark.base.modules.sys.interceptor.LogInterceptor] - ViewName: modules/sys/userInfo
2016-04-21 17:26:38,778 [http-8080-2] DEBUG [com.shark.base.modules.sys.interceptor.LogInterceptor] - 计时结束：05:26:38.778  耗时：0:0:0.31  URI: /a/sys/mainFrame/footer  最大内存: 986m  已分配内存: 140m  已分配内存中的剩余空间: 78m  最大可用内存: 924m
2016-04-21 17:26:38,825 [http-8080-3] DEBUG [com.shark.base.modules.sys.interceptor.LogInterceptor] - 计时结束：05:26:38.825  耗时：0:0:0.78  URI: /a/sys/user/info  最大内存: 986m  已分配内存: 140m  已分配内存中的剩余空间: 75m  最大可用内存: 920m
2016-04-21 17:26:38,825 [SaveLogThread] DEBUG [com.shark.base.modules.sys.dao.LogDao.insert] - ==>  Preparing: INSERT INTO sys_log( id, type, title, create_by, create_date, remote_addr, user_agent, request_uri, method, params, exception ) VALUES ( ?, ?, ?, ?, ?, ?, ?, ?, ?, ?, ? ) 
2016-04-21 17:26:38,825 [SaveLogThread] DEBUG [com.shark.base.modules.sys.dao.LogDao.insert] - ==> Parameters: 615d0f3bdbf24a9592fc4ce804231ec6(String), 1(String), 我的面板-个人信息-个人信息(String), 1(String), 2016-04-21 17:26:38.825(Timestamp), 0:0:0:0:0:0:0:1(String), Mozilla/4.0 (compatible; MSIE 6.0; Windows NT 6.1; WOW64; SV1; SLCC2; .NET CLR 2.0.50727; .NET CLR 3.5.30729; .NET CLR 3.0.30729; .NET4.0C; .NET4.0E)(String), /a/sys/user/info(String), GET(String), (String), (String)
2016-04-21 17:26:38,872 [SaveLogThread] DEBUG [com.shark.base.modules.sys.dao.LogDao.insert] - <==    Updates: 1
2016-04-21 17:28:15,419 [http-8080-1] DEBUG [com.shark.base.modules.sys.security.SystemAuthorizingRealm] - login submit, active session size: 1, username: shark
2016-04-21 17:28:15,451 [http-8080-1] DEBUG [com.shark.base.modules.sys.dao.UserDao.getByLoginName] - ==>  Preparing: SELECT a.id, a.company_id AS "company.id", a.office_id AS "office.id", a.login_name, a.password, a.no, a.name, a.email, a.phone, a.mobile, a.user_type, a.login_ip, a.login_date, a.remarks, a.login_flag, a.photo, a.create_by AS "createBy.id", a.create_date, a.update_by AS "updateBy.id", a.update_date, a.del_flag, c.name AS "company.name", c.parent_id AS "company.parent.id", c.parent_ids AS "company.parentIds", ca.id AS "company.area.id", ca.name AS "company.area.name", ca.parent_id AS "company.area.parent.id", ca.parent_ids AS "company.area.parentIds", o.name AS "office.name", o.parent_id AS "office.parent.id", o.parent_ids AS "office.parentIds", oa.id AS "office.area.id", oa.name AS "office.area.name", oa.parent_id AS "office.area.parent.id", oa.parent_ids AS "office.area.parentIds", cu.id AS "company.primaryPerson.id", cu.name AS "company.primaryPerson.name", cu2.id AS "company.deputyPerson.id", cu2.name AS "company.deputyPerson.name", ou.id AS "office.primaryPerson.id", ou.name AS "office.primaryPerson.name", ou2.id AS "office.deputyPerson.id", ou2.name AS "office.deputyPerson.name" FROM sys_user a JOIN sys_office c ON c.id = a.company_id JOIN sys_area ca ON ca.id = c.area_id JOIN sys_office o ON o.id = a.office_id JOIN sys_area oa ON oa.id = o.area_id LEFT JOIN sys_user cu ON cu.id = c.primary_person LEFT JOIN sys_user cu2 ON cu2.id = c.deputy_person LEFT JOIN sys_user ou ON ou.id = o.primary_person LEFT JOIN sys_user ou2 ON ou2.id = o.deputy_person WHERE a.login_name = ? AND a.del_flag = ? 
2016-04-21 17:28:15,466 [http-8080-1] DEBUG [com.shark.base.modules.sys.dao.UserDao.getByLoginName] - ==> Parameters: shark(String), 0(String)
2016-04-21 17:28:15,497 [http-8080-1] DEBUG [com.shark.base.modules.sys.dao.UserDao.getByLoginName] - <==      Total: 1
2016-04-21 17:28:15,560 [http-8080-1] DEBUG [com.shark.base.modules.sys.dao.RoleDao.findList] - ==>  Preparing: SELECT a.id, a.office_id AS "office.id", a.name, a.enname, a.role_type AS roleType, a.data_scope AS dataScope, a.remarks, a.create_by AS "createBy.id", a.create_date, a.update_by AS "updateBy.id", a.update_date, a.del_flag, o.name AS "office.name", o.code, a.useable AS useable, a.is_sys AS sysData , ro.office_id AS "officeList.id" FROM sys_role a LEFT JOIN sys_office o ON o.id = a.office_id LEFT JOIN sys_user_role ur ON ur.role_id = a.id LEFT JOIN sys_user u ON u.id = ur.user_id LEFT JOIN sys_role_office ro ON ro.role_id = a.id WHERE a.del_flag = ? AND a.useable=? AND u.id = ? AND u.login_name = ? ORDER BY o.code, a.name 
2016-04-21 17:28:15,560 [http-8080-1] DEBUG [com.shark.base.modules.sys.dao.RoleDao.findList] - ==> Parameters: 0(String), 1(String), 1(String), shark(String)
2016-04-21 17:28:15,560 [http-8080-1] DEBUG [com.shark.base.modules.sys.dao.RoleDao.findList] - <==      Total: 1
2016-04-21 17:28:15,607 [http-8080-2] DEBUG [com.shark.base.modules.sys.interceptor.LogInterceptor] - 开始计时: 05:28:15.607  URI: /a
2016-04-21 17:28:15,622 [http-8080-2] DEBUG [com.shark.base.modules.sys.dao.MenuDao.findAllList] - ==>  Preparing: SELECT a.id, a.parent_id AS "parent.id", a.parent_ids, a.name, a.href, a.target, a.icon, a.sort, a.is_show, a.permission, a.remarks, a.create_by AS "createBy.id", a.create_date, a.update_by AS "updateBy.id", a.update_date, a.del_flag, p.name AS "parent.name" FROM sys_menu a LEFT JOIN sys_menu p ON p.id = a.parent_id WHERE a.del_flag = ? ORDER BY a.sort 
2016-04-21 17:28:15,622 [http-8080-2] DEBUG [com.shark.base.modules.sys.dao.MenuDao.findAllList] - ==> Parameters: 0(String)
2016-04-21 17:28:15,669 [http-8080-2] DEBUG [com.shark.base.modules.sys.dao.MenuDao.findAllList] - <==      Total: 49
2016-04-21 17:28:15,685 [http-8080-2] DEBUG [com.shark.base.modules.sys.dao.UserDao.updateLoginInfo] - ==>  Preparing: UPDATE sys_user SET login_ip = ?, login_Date = ? WHERE id = ? 
2016-04-21 17:28:15,685 [http-8080-2] DEBUG [com.shark.base.modules.sys.dao.UserDao.updateLoginInfo] - ==> Parameters: 0:0:0:0:0:0:0:1(String), 2016-04-21 17:28:15.669(Timestamp), 1(String)
2016-04-21 17:28:15,685 [http-8080-2] DEBUG [com.shark.base.modules.sys.dao.UserDao.updateLoginInfo] - <==    Updates: 1
2016-04-21 17:28:15,731 [SaveLogThread] DEBUG [com.shark.base.modules.sys.dao.LogDao.insert] - ==>  Preparing: INSERT INTO sys_log( id, type, title, create_by, create_date, remote_addr, user_agent, request_uri, method, params, exception ) VALUES ( ?, ?, ?, ?, ?, ?, ?, ?, ?, ?, ? ) 
2016-04-21 17:28:15,747 [SaveLogThread] DEBUG [com.shark.base.modules.sys.dao.LogDao.insert] - ==> Parameters: eeff40bd72c740ea87ce1a817f52ab98(String), 1(String), 系统登录(String), 1(String), 2016-04-21 17:28:15.731(Timestamp), 0:0:0:0:0:0:0:1(String), Mozilla/4.0 (compatible; MSIE 6.0; Windows NT 6.1; WOW64; SV1; SLCC2; .NET CLR 2.0.50727; .NET CLR 3.5.30729; .NET CLR 3.0.30729; .NET4.0C; .NET4.0E)(String), /a(String), GET(String), login=(String), (String)
2016-04-21 17:28:15,778 [SaveLogThread] DEBUG [com.shark.base.modules.sys.dao.LogDao.insert] - <==    Updates: 1
2016-04-21 17:28:15,809 [http-8080-2] INFO  [com.shark.base.modules.sys.interceptor.LogInterceptor] - ViewName: modules/sys/new/sysAdminIndex
2016-04-21 17:28:16,030 [http-8080-2] DEBUG [com.shark.base.modules.sys.interceptor.LogInterceptor] - 计时结束：05:28:16.030  耗时：0:0:0.423  URI: /a  最大内存: 986m  已分配内存: 150m  已分配内存中的剩余空间: 77m  最大可用内存: 912m
2016-04-21 17:28:16,030 [SaveLogThread] DEBUG [com.shark.base.modules.sys.dao.MenuDao.findAllList] - ==>  Preparing: SELECT a.id, a.parent_id AS "parent.id", a.parent_ids, a.name, a.href, a.target, a.icon, a.sort, a.is_show, a.permission, a.remarks, a.create_by AS "createBy.id", a.create_date, a.update_by AS "updateBy.id", a.update_date, a.del_flag, p.name AS "parent.name" FROM sys_menu a LEFT JOIN sys_menu p ON p.id = a.parent_id WHERE a.del_flag = ? ORDER BY a.sort 
2016-04-21 17:28:16,030 [SaveLogThread] DEBUG [com.shark.base.modules.sys.dao.MenuDao.findAllList] - ==> Parameters: 0(String)
2016-04-21 17:28:16,077 [SaveLogThread] DEBUG [com.shark.base.modules.sys.dao.MenuDao.findAllList] - <==      Total: 49
2016-04-21 17:28:16,217 [http-8080-2] DEBUG [com.shark.base.modules.sys.interceptor.LogInterceptor] - 开始计时: 05:28:16.217  URI: /a/sys/mainFrame/adminMain
2016-04-21 17:28:16,233 [http-8080-2] INFO  [com.shark.base.modules.sys.interceptor.LogInterceptor] - ViewName: modules/sys/new/adminMain
2016-04-21 17:28:16,420 [http-8080-2] DEBUG [com.shark.base.modules.sys.interceptor.LogInterceptor] - 计时结束：05:28:16.420  耗时：0:0:0.203  URI: /a/sys/mainFrame/adminMain  最大内存: 986m  已分配内存: 150m  已分配内存中的剩余空间: 61m  最大可用内存: 896m
2016-04-21 17:28:16,467 [http-8080-1] DEBUG [com.shark.base.modules.sys.interceptor.LogInterceptor] - 开始计时: 05:28:16.467  URI: /a/sys/mainFrame/adminTop
2016-04-21 17:28:16,467 [http-8080-2] DEBUG [com.shark.base.modules.sys.interceptor.LogInterceptor] - 开始计时: 05:28:16.467  URI: /a/sys/user/info
2016-04-21 17:28:16,467 [http-8080-3] DEBUG [com.shark.base.modules.sys.interceptor.LogInterceptor] - 开始计时: 05:28:16.467  URI: /a/sys/mainFrame/footer
2016-04-21 17:28:16,482 [http-8080-1] INFO  [com.shark.base.modules.sys.interceptor.LogInterceptor] - ViewName: modules/sys/new/adminTop
2016-04-21 17:28:16,482 [http-8080-3] INFO  [com.shark.base.modules.sys.interceptor.LogInterceptor] - ViewName: modules/sys/new/footer
2016-04-21 17:28:16,591 [http-8080-2] INFO  [com.shark.base.modules.sys.interceptor.LogInterceptor] - ViewName: modules/sys/userInfo
2016-04-21 17:28:16,952 [http-8080-3] DEBUG [com.shark.base.modules.sys.interceptor.LogInterceptor] - 计时结束：05:28:16.952  耗时：0:0:0.485  URI: /a/sys/mainFrame/footer  最大内存: 986m  已分配内存: 144m  已分配内存中的剩余空间: 82m  最大可用内存: 924m
2016-04-21 17:28:16,968 [http-8080-1] DEBUG [com.shark.base.modules.sys.interceptor.LogInterceptor] - 计时结束：05:28:16.968  耗时：0:0:0.501  URI: /a/sys/mainFrame/adminTop  最大内存: 986m  已分配内存: 144m  已分配内存中的剩余空间: 80m  最大可用内存: 922m
2016-04-21 17:28:17,576 [http-8080-2] DEBUG [com.shark.base.modules.sys.interceptor.LogInterceptor] - 计时结束：05:28:17.576  耗时：0:0:1.109  URI: /a/sys/user/info  最大内存: 986m  已分配内存: 144m  已分配内存中的剩余空间: 37m  最大可用内存: 879m
2016-04-21 17:28:17,576 [SaveLogThread] DEBUG [com.shark.base.modules.sys.dao.LogDao.insert] - ==>  Preparing: INSERT INTO sys_log( id, type, title, create_by, create_date, remote_addr, user_agent, request_uri, method, params, exception ) VALUES ( ?, ?, ?, ?, ?, ?, ?, ?, ?, ?, ? ) 
2016-04-21 17:28:17,592 [SaveLogThread] DEBUG [com.shark.base.modules.sys.dao.LogDao.insert] - ==> Parameters: 3c285fee0b234a7ea4956a16a23d541e(String), 1(String), 我的面板-个人信息-个人信息(String), 1(String), 2016-04-21 17:28:17.576(Timestamp), 0:0:0:0:0:0:0:1(String), Mozilla/4.0 (compatible; MSIE 6.0; Windows NT 6.1; WOW64; SV1; SLCC2; .NET CLR 2.0.50727; .NET CLR 3.5.30729; .NET CLR 3.0.30729; .NET4.0C; .NET4.0E)(String), /a/sys/user/info(String), GET(String), (String), (String)
2016-04-21 17:28:17,748 [SaveLogThread] DEBUG [com.shark.base.modules.sys.dao.LogDao.insert] - <==    Updates: 1
2016-04-21 17:30:37,175 [http-8080-1] DEBUG [com.shark.base.modules.sys.interceptor.LogInterceptor] - 开始计时: 05:30:37.175  URI: /a
2016-04-21 17:30:37,191 [http-8080-1] INFO  [com.shark.base.modules.sys.interceptor.LogInterceptor] - ViewName: modules/sys/new/sysAdminIndex
2016-04-21 17:30:37,191 [http-8080-1] DEBUG [com.shark.base.modules.sys.interceptor.LogInterceptor] - 计时结束：05:30:37.191  耗时：0:0:0.16  URI: /a  最大内存: 986m  已分配内存: 159m  已分配内存中的剩余空间: 97m  最大可用内存: 923m
2016-04-21 17:30:37,581 [http-8080-1] DEBUG [com.shark.base.modules.sys.interceptor.LogInterceptor] - 开始计时: 05:30:37.581  URI: /a/sys/mainFrame/adminMain
2016-04-21 17:30:37,596 [http-8080-1] INFO  [com.shark.base.modules.sys.interceptor.LogInterceptor] - ViewName: modules/sys/new/adminMain
2016-04-21 17:30:37,596 [http-8080-1] DEBUG [com.shark.base.modules.sys.interceptor.LogInterceptor] - 计时结束：05:30:37.596  耗时：0:0:0.15  URI: /a/sys/mainFrame/adminMain  最大内存: 986m  已分配内存: 159m  已分配内存中的剩余空间: 78m  最大可用内存: 904m
2016-04-21 17:30:37,612 [http-8080-2] DEBUG [com.shark.base.modules.sys.interceptor.LogInterceptor] - 开始计时: 05:30:37.612  URI: /a/sys/user/info
2016-04-21 17:30:37,628 [http-8080-1] DEBUG [com.shark.base.modules.sys.interceptor.LogInterceptor] - 开始计时: 05:30:37.628  URI: /a/sys/mainFrame/footer
2016-04-21 17:30:37,628 [http-8080-3] DEBUG [com.shark.base.modules.sys.interceptor.LogInterceptor] - 开始计时: 05:30:37.628  URI: /a/sys/mainFrame/adminTop
2016-04-21 17:30:37,628 [http-8080-1] INFO  [com.shark.base.modules.sys.interceptor.LogInterceptor] - ViewName: modules/sys/new/footer
2016-04-21 17:30:37,628 [http-8080-2] INFO  [com.shark.base.modules.sys.interceptor.LogInterceptor] - ViewName: modules/sys/userInfo
2016-04-21 17:30:37,628 [http-8080-3] INFO  [com.shark.base.modules.sys.interceptor.LogInterceptor] - ViewName: modules/sys/new/adminTop
2016-04-21 17:30:37,643 [http-8080-1] DEBUG [com.shark.base.modules.sys.interceptor.LogInterceptor] - 计时结束：05:30:37.643  耗时：0:0:0.15  URI: /a/sys/mainFrame/footer  最大内存: 986m  已分配内存: 159m  已分配内存中的剩余空间: 76m  最大可用内存: 902m
2016-04-21 17:30:37,643 [http-8080-3] DEBUG [com.shark.base.modules.sys.interceptor.LogInterceptor] - 计时结束：05:30:37.643  耗时：0:0:0.15  URI: /a/sys/mainFrame/adminTop  最大内存: 986m  已分配内存: 159m  已分配内存中的剩余空间: 76m  最大可用内存: 902m
2016-04-21 17:30:37,659 [http-8080-2] DEBUG [com.shark.base.modules.sys.interceptor.LogInterceptor] - 计时结束：05:30:37.659  耗时：0:0:0.47  URI: /a/sys/user/info  最大内存: 986m  已分配内存: 159m  已分配内存中的剩余空间: 75m  最大可用内存: 901m
2016-04-21 17:30:37,659 [SaveLogThread] DEBUG [com.shark.base.modules.sys.dao.LogDao.insert] - ==>  Preparing: INSERT INTO sys_log( id, type, title, create_by, create_date, remote_addr, user_agent, request_uri, method, params, exception ) VALUES ( ?, ?, ?, ?, ?, ?, ?, ?, ?, ?, ? ) 
2016-04-21 17:30:37,659 [SaveLogThread] DEBUG [com.shark.base.modules.sys.dao.LogDao.insert] - ==> Parameters: 7a5b4ff57b1240309070e2c200ea3e64(String), 1(String), 我的面板-个人信息-个人信息(String), 1(String), 2016-04-21 17:30:37.659(Timestamp), 0:0:0:0:0:0:0:1(String), Mozilla/4.0 (compatible; MSIE 6.0; Windows NT 6.1; WOW64; SV1; SLCC2; .NET CLR 2.0.50727; .NET CLR 3.5.30729; .NET CLR 3.0.30729; .NET4.0C; .NET4.0E)(String), /a/sys/user/info(String), GET(String), (String), (String)
2016-04-21 17:30:37,706 [SaveLogThread] DEBUG [com.shark.base.modules.sys.dao.LogDao.insert] - <==    Updates: 1
2016-04-21 17:31:32,327 [http-8080-2] DEBUG [com.shark.base.modules.sys.security.SystemAuthorizingRealm] - login submit, active session size: 2, username: shark
2016-04-21 17:31:32,343 [http-8080-2] DEBUG [com.shark.base.modules.sys.interceptor.LogInterceptor] - 开始计时: 05:31:32.343  URI: /a
2016-04-21 17:31:32,359 [http-8080-2] DEBUG [com.shark.base.modules.sys.dao.MenuDao.findAllList] - ==>  Preparing: SELECT a.id, a.parent_id AS "parent.id", a.parent_ids, a.name, a.href, a.target, a.icon, a.sort, a.is_show, a.permission, a.remarks, a.create_by AS "createBy.id", a.create_date, a.update_by AS "updateBy.id", a.update_date, a.del_flag, p.name AS "parent.name" FROM sys_menu a LEFT JOIN sys_menu p ON p.id = a.parent_id WHERE a.del_flag = ? ORDER BY a.sort 
2016-04-21 17:31:32,359 [http-8080-2] DEBUG [com.shark.base.modules.sys.dao.MenuDao.findAllList] - ==> Parameters: 0(String)
2016-04-21 17:31:32,390 [http-8080-2] DEBUG [com.shark.base.modules.sys.dao.MenuDao.findAllList] - <==      Total: 49
2016-04-21 17:31:32,390 [http-8080-2] DEBUG [com.shark.base.modules.sys.dao.UserDao.updateLoginInfo] - ==>  Preparing: UPDATE sys_user SET login_ip = ?, login_Date = ? WHERE id = ? 
2016-04-21 17:31:32,390 [http-8080-2] DEBUG [com.shark.base.modules.sys.dao.UserDao.updateLoginInfo] - ==> Parameters: 0:0:0:0:0:0:0:1(String), 2016-04-21 17:31:32.39(Timestamp), 1(String)
2016-04-21 17:31:32,390 [http-8080-2] DEBUG [com.shark.base.modules.sys.dao.UserDao.updateLoginInfo] - <==    Updates: 1
2016-04-21 17:31:32,421 [SaveLogThread] DEBUG [com.shark.base.modules.sys.dao.LogDao.insert] - ==>  Preparing: INSERT INTO sys_log( id, type, title, create_by, create_date, remote_addr, user_agent, request_uri, method, params, exception ) VALUES ( ?, ?, ?, ?, ?, ?, ?, ?, ?, ?, ? ) 
2016-04-21 17:31:32,421 [SaveLogThread] DEBUG [com.shark.base.modules.sys.dao.LogDao.insert] - ==> Parameters: d865bf091d074a91abc16a73284a5e5f(String), 1(String), 系统登录(String), 1(String), 2016-04-21 17:31:32.421(Timestamp), 0:0:0:0:0:0:0:1(String), Mozilla/4.0 (compatible; MSIE 6.0; Windows NT 6.1; WOW64; SV1; SLCC2; .NET CLR 2.0.50727; .NET CLR 3.5.30729; .NET CLR 3.0.30729; .NET4.0C; .NET4.0E)(String), /a(String), GET(String), login=(String), (String)
2016-04-21 17:31:32,437 [http-8080-2] INFO  [com.shark.base.modules.sys.interceptor.LogInterceptor] - ViewName: modules/sys/new/sysAdminIndex
2016-04-21 17:31:32,483 [SaveLogThread] DEBUG [com.shark.base.modules.sys.dao.LogDao.insert] - <==    Updates: 1
2016-04-21 17:31:32,593 [http-8080-2] DEBUG [com.shark.base.modules.sys.interceptor.LogInterceptor] - 计时结束：05:31:32.593  耗时：0:0:0.250  URI: /a  最大内存: 986m  已分配内存: 150m  已分配内存中的剩余空间: 105m  最大可用内存: 940m
2016-04-21 17:31:32,749 [http-8080-2] DEBUG [com.shark.base.modules.sys.interceptor.LogInterceptor] - 开始计时: 05:31:32.749  URI: /a/sys/mainFrame/adminMain
2016-04-21 17:31:32,749 [http-8080-2] INFO  [com.shark.base.modules.sys.interceptor.LogInterceptor] - ViewName: modules/sys/new/adminMain
2016-04-21 17:31:32,764 [http-8080-2] DEBUG [com.shark.base.modules.sys.interceptor.LogInterceptor] - 计时结束：05:31:32.764  耗时：0:0:0.15  URI: /a/sys/mainFrame/adminMain  最大内存: 986m  已分配内存: 150m  已分配内存中的剩余空间: 103m  最大可用内存: 938m
2016-04-21 17:31:32,780 [http-8080-2] DEBUG [com.shark.base.modules.sys.interceptor.LogInterceptor] - 开始计时: 05:31:32.780  URI: /a/sys/mainFrame/adminTop
2016-04-21 17:31:32,780 [http-8080-4] DEBUG [com.shark.base.modules.sys.interceptor.LogInterceptor] - 开始计时: 05:31:32.780  URI: /a/sys/mainFrame/footer
2016-04-21 17:31:32,780 [http-8080-1] DEBUG [com.shark.base.modules.sys.interceptor.LogInterceptor] - 开始计时: 05:31:32.780  URI: /a/sys/user/info
2016-04-21 17:31:32,795 [http-8080-2] INFO  [com.shark.base.modules.sys.interceptor.LogInterceptor] - ViewName: modules/sys/new/adminTop
2016-04-21 17:31:32,811 [http-8080-4] INFO  [com.shark.base.modules.sys.interceptor.LogInterceptor] - ViewName: modules/sys/new/footer
2016-04-21 17:31:32,811 [http-8080-1] INFO  [com.shark.base.modules.sys.interceptor.LogInterceptor] - ViewName: modules/sys/userInfo
2016-04-21 17:31:32,811 [http-8080-2] DEBUG [com.shark.base.modules.sys.interceptor.LogInterceptor] - 计时结束：05:31:32.811  耗时：0:0:0.31  URI: /a/sys/mainFrame/adminTop  最大内存: 986m  已分配内存: 150m  已分配内存中的剩余空间: 101m  最大可用内存: 936m
2016-04-21 17:31:32,811 [http-8080-4] DEBUG [com.shark.base.modules.sys.interceptor.LogInterceptor] - 计时结束：05:31:32.811  耗时：0:0:0.31  URI: /a/sys/mainFrame/footer  最大内存: 986m  已分配内存: 150m  已分配内存中的剩余空间: 101m  最大可用内存: 936m
2016-04-21 17:31:32,827 [http-8080-1] DEBUG [com.shark.base.modules.sys.interceptor.LogInterceptor] - 计时结束：05:31:32.827  耗时：0:0:0.47  URI: /a/sys/user/info  最大内存: 986m  已分配内存: 150m  已分配内存中的剩余空间: 100m  最大可用内存: 936m
2016-04-21 17:31:32,827 [SaveLogThread] DEBUG [com.shark.base.modules.sys.dao.LogDao.insert] - ==>  Preparing: INSERT INTO sys_log( id, type, title, create_by, create_date, remote_addr, user_agent, request_uri, method, params, exception ) VALUES ( ?, ?, ?, ?, ?, ?, ?, ?, ?, ?, ? ) 
2016-04-21 17:31:32,827 [SaveLogThread] DEBUG [com.shark.base.modules.sys.dao.LogDao.insert] - ==> Parameters: dc81bebf8c9b41e5adad08a36ba25706(String), 1(String), 我的面板-个人信息-个人信息(String), 1(String), 2016-04-21 17:31:32.827(Timestamp), 0:0:0:0:0:0:0:1(String), Mozilla/4.0 (compatible; MSIE 6.0; Windows NT 6.1; WOW64; SV1; SLCC2; .NET CLR 2.0.50727; .NET CLR 3.5.30729; .NET CLR 3.0.30729; .NET4.0C; .NET4.0E)(String), /a/sys/user/info(String), GET(String), (String), (String)
2016-04-21 17:31:32,858 [SaveLogThread] DEBUG [com.shark.base.modules.sys.dao.LogDao.insert] - <==    Updates: 1
2016-04-21 17:31:33,154 [http-8080-4] DEBUG [com.shark.base.modules.sys.interceptor.LogInterceptor] - 开始计时: 05:31:33.154  URI: /a
2016-04-21 17:31:33,187 [http-8080-4] INFO  [com.shark.base.modules.sys.interceptor.LogInterceptor] - ViewName: modules/sys/new/sysAdminIndex
2016-04-21 17:31:33,187 [http-8080-4] DEBUG [com.shark.base.modules.sys.interceptor.LogInterceptor] - 计时结束：05:31:33.187  耗时：0:0:0.33  URI: /a  最大内存: 986m  已分配内存: 150m  已分配内存中的剩余空间: 97m  最大可用内存: 932m
2016-04-21 17:32:12,907 [http-8080-2] DEBUG [com.shark.base.modules.sys.interceptor.LogInterceptor] - 开始计时: 05:32:12.907  URI: /a
2016-04-21 17:32:12,907 [http-8080-2] INFO  [com.shark.base.modules.sys.interceptor.LogInterceptor] - ViewName: modules/sys/new/sysAdminIndex
2016-04-21 17:32:13,047 [http-8080-2] DEBUG [com.shark.base.modules.sys.interceptor.LogInterceptor] - 计时结束：05:32:13.047  耗时：0:0:0.140  URI: /a  最大内存: 986m  已分配内存: 150m  已分配内存中的剩余空间: 78m  最大可用内存: 914m
2016-04-21 17:32:13,425 [http-8080-2] DEBUG [com.shark.base.modules.sys.interceptor.LogInterceptor] - 开始计时: 05:32:13.425  URI: /a/sys/mainFrame/adminMain
2016-04-21 17:32:13,425 [http-8080-2] INFO  [com.shark.base.modules.sys.interceptor.LogInterceptor] - ViewName: modules/sys/new/adminMain
2016-04-21 17:32:13,440 [http-8080-2] DEBUG [com.shark.base.modules.sys.interceptor.LogInterceptor] - 计时结束：05:32:13.440  耗时：0:0:0.15  URI: /a/sys/mainFrame/adminMain  最大内存: 986m  已分配内存: 150m  已分配内存中的剩余空间: 59m  最大可用内存: 895m
2016-04-21 17:32:13,456 [http-8080-1] DEBUG [com.shark.base.modules.sys.interceptor.LogInterceptor] - 开始计时: 05:32:13.456  URI: /a/sys/mainFrame/adminTop
2016-04-21 17:32:13,456 [http-8080-4] DEBUG [com.shark.base.modules.sys.interceptor.LogInterceptor] - 开始计时: 05:32:13.456  URI: /a/sys/user/info
2016-04-21 17:32:13,487 [http-8080-1] INFO  [com.shark.base.modules.sys.interceptor.LogInterceptor] - ViewName: modules/sys/new/adminTop
2016-04-21 17:32:13,487 [http-8080-2] DEBUG [com.shark.base.modules.sys.interceptor.LogInterceptor] - 开始计时: 05:32:13.487  URI: /a/sys/mainFrame/footer
2016-04-21 17:32:13,487 [http-8080-4] INFO  [com.shark.base.modules.sys.interceptor.LogInterceptor] - ViewName: modules/sys/userInfo
2016-04-21 17:32:13,487 [http-8080-1] DEBUG [com.shark.base.modules.sys.interceptor.LogInterceptor] - 计时结束：05:32:13.487  耗时：0:0:0.31  URI: /a/sys/mainFrame/adminTop  最大内存: 986m  已分配内存: 150m  已分配内存中的剩余空间: 58m  最大可用内存: 893m
2016-04-21 17:32:13,503 [http-8080-2] INFO  [com.shark.base.modules.sys.interceptor.LogInterceptor] - ViewName: modules/sys/new/footer
2016-04-21 17:32:13,503 [http-8080-4] DEBUG [com.shark.base.modules.sys.interceptor.LogInterceptor] - 计时结束：05:32:13.503  耗时：0:0:0.47  URI: /a/sys/user/info  最大内存: 986m  已分配内存: 150m  已分配内存中的剩余空间: 57m  最大可用内存: 893m
2016-04-21 17:32:13,503 [http-8080-2] DEBUG [com.shark.base.modules.sys.interceptor.LogInterceptor] - 计时结束：05:32:13.503  耗时：0:0:0.16  URI: /a/sys/mainFrame/footer  最大内存: 986m  已分配内存: 150m  已分配内存中的剩余空间: 57m  最大可用内存: 892m
2016-04-21 17:32:13,503 [SaveLogThread] DEBUG [com.shark.base.modules.sys.dao.LogDao.insert] - ==>  Preparing: INSERT INTO sys_log( id, type, title, create_by, create_date, remote_addr, user_agent, request_uri, method, params, exception ) VALUES ( ?, ?, ?, ?, ?, ?, ?, ?, ?, ?, ? ) 
2016-04-21 17:32:13,503 [SaveLogThread] DEBUG [com.shark.base.modules.sys.dao.LogDao.insert] - ==> Parameters: be90cacb478242289ab4a884b16b29d9(String), 1(String), 我的面板-个人信息-个人信息(String), 1(String), 2016-04-21 17:32:13.503(Timestamp), 0:0:0:0:0:0:0:1(String), Mozilla/4.0 (compatible; MSIE 6.0; Windows NT 6.1; WOW64; SV1; SLCC2; .NET CLR 2.0.50727; .NET CLR 3.5.30729; .NET CLR 3.0.30729; .NET4.0C; .NET4.0E)(String), /a/sys/user/info(String), GET(String), (String), (String)
2016-04-21 17:32:13,534 [SaveLogThread] DEBUG [com.shark.base.modules.sys.dao.LogDao.insert] - <==    Updates: 1
2016-04-21 17:32:23,014 [http-8080-6] DEBUG [com.shark.base.modules.sys.interceptor.LogInterceptor] - 开始计时: 05:32:23.014  URI: /a/sys/user/info
2016-04-21 17:32:23,030 [http-8080-6] INFO  [com.shark.base.modules.sys.interceptor.LogInterceptor] - ViewName: modules/sys/userInfo
2016-04-21 17:32:23,046 [http-8080-6] DEBUG [com.shark.base.modules.sys.interceptor.LogInterceptor] - 计时结束：05:32:23.046  耗时：0:0:0.32  URI: /a/sys/user/info  最大内存: 986m  已分配内存: 145m  已分配内存中的剩余空间: 98m  最大可用内存: 939m
2016-04-21 17:32:23,046 [SaveLogThread] DEBUG [com.shark.base.modules.sys.dao.LogDao.insert] - ==>  Preparing: INSERT INTO sys_log( id, type, title, create_by, create_date, remote_addr, user_agent, request_uri, method, params, exception ) VALUES ( ?, ?, ?, ?, ?, ?, ?, ?, ?, ?, ? ) 
2016-04-21 17:32:23,046 [SaveLogThread] DEBUG [com.shark.base.modules.sys.dao.LogDao.insert] - ==> Parameters: 4139a877e03644b3b1dc35b29a784317(String), 1(String), 我的面板-个人信息-个人信息(String), 1(String), 2016-04-21 17:32:23.046(Timestamp), 0:0:0:0:0:0:0:1(String), Mozilla/4.0 (compatible; MSIE 6.0; Windows NT 6.1; WOW64; SV1; SLCC2; .NET CLR 2.0.50727; .NET CLR 3.5.30729; .NET CLR 3.0.30729; .NET4.0C; .NET4.0E)(String), /a/sys/user/info(String), GET(String), (String), (String)
2016-04-21 17:32:23,092 [SaveLogThread] DEBUG [com.shark.base.modules.sys.dao.LogDao.insert] - <==    Updates: 1
2016-04-21 17:32:26,798 [http-8080-4] DEBUG [com.shark.base.modules.sys.interceptor.LogInterceptor] - 开始计时: 05:32:26.798  URI: /a/sys/user/info
2016-04-21 17:32:26,813 [http-8080-4] INFO  [com.shark.base.modules.sys.interceptor.LogInterceptor] - ViewName: modules/sys/userInfo
2016-04-21 17:32:26,813 [http-8080-4] DEBUG [com.shark.base.modules.sys.interceptor.LogInterceptor] - 计时结束：05:32:26.813  耗时：0:0:0.15  URI: /a/sys/user/info  最大内存: 986m  已分配内存: 145m  已分配内存中的剩余空间: 95m  最大可用内存: 936m
2016-04-21 17:32:26,813 [SaveLogThread] DEBUG [com.shark.base.modules.sys.dao.LogDao.insert] - ==>  Preparing: INSERT INTO sys_log( id, type, title, create_by, create_date, remote_addr, user_agent, request_uri, method, params, exception ) VALUES ( ?, ?, ?, ?, ?, ?, ?, ?, ?, ?, ? ) 
2016-04-21 17:32:26,813 [SaveLogThread] DEBUG [com.shark.base.modules.sys.dao.LogDao.insert] - ==> Parameters: 420a54e06a0f438f868bf863a1365e1c(String), 1(String), 我的面板-个人信息-个人信息(String), 1(String), 2016-04-21 17:32:26.813(Timestamp), 0:0:0:0:0:0:0:1(String), Mozilla/4.0 (compatible; MSIE 6.0; Windows NT 6.1; WOW64; SV1; SLCC2; .NET CLR 2.0.50727; .NET CLR 3.5.30729; .NET CLR 3.0.30729; .NET4.0C; .NET4.0E)(String), /a/sys/user/info(String), GET(String), (String), (String)
2016-04-21 17:32:26,860 [SaveLogThread] DEBUG [com.shark.base.modules.sys.dao.LogDao.insert] - <==    Updates: 1
2016-04-21 17:32:28,987 [http-8080-6] DEBUG [com.shark.base.modules.sys.interceptor.LogInterceptor] - 开始计时: 05:32:28.987  URI: /a/sys/user/modifyPwd
2016-04-21 17:32:29,002 [http-8080-6] INFO  [com.shark.base.modules.sys.interceptor.LogInterceptor] - ViewName: modules/sys/userModifyPwd
2016-04-21 17:32:29,174 [http-8080-6] DEBUG [com.shark.base.modules.sys.interceptor.LogInterceptor] - 计时结束：05:32:29.174  耗时：0:0:0.187  URI: /a/sys/user/modifyPwd  最大内存: 986m  已分配内存: 145m  已分配内存中的剩余空间: 77m  最大可用内存: 918m
2016-04-21 17:32:29,174 [SaveLogThread] DEBUG [com.shark.base.modules.sys.dao.LogDao.insert] - ==>  Preparing: INSERT INTO sys_log( id, type, title, create_by, create_date, remote_addr, user_agent, request_uri, method, params, exception ) VALUES ( ?, ?, ?, ?, ?, ?, ?, ?, ?, ?, ? ) 
2016-04-21 17:32:29,174 [SaveLogThread] DEBUG [com.shark.base.modules.sys.dao.LogDao.insert] - ==> Parameters: 1d361c88fec6482db6b436e00deb85a7(String), 1(String), 我的面板-个人信息-修改密码(String), 1(String), 2016-04-21 17:32:29.174(Timestamp), 0:0:0:0:0:0:0:1(String), Mozilla/4.0 (compatible; MSIE 6.0; Windows NT 6.1; WOW64; SV1; SLCC2; .NET CLR 2.0.50727; .NET CLR 3.5.30729; .NET CLR 3.0.30729; .NET4.0C; .NET4.0E)(String), /a/sys/user/modifyPwd(String), GET(String), (String), (String)
2016-04-21 17:32:29,379 [SaveLogThread] DEBUG [com.shark.base.modules.sys.dao.LogDao.insert] - <==    Updates: 1
2016-04-21 17:32:33,479 [http-8080-3] ERROR [500.jsp] - 
ClientAbortException:  java.net.SocketException: Connection reset by peer: socket write error
	at org.apache.catalina.connector.OutputBuffer.doFlush(OutputBuffer.java:330)
	at org.apache.catalina.connector.OutputBuffer.flush(OutputBuffer.java:296)
	at org.apache.catalina.connector.CoyoteOutputStream.flush(CoyoteOutputStream.java:98)
	at org.springframework.util.StreamUtils.copy(StreamUtils.java:127)
	at org.springframework.web.servlet.resource.ResourceHttpRequestHandler.writeContent(ResourceHttpRequestHandler.java:381)
	at org.springframework.web.servlet.resource.ResourceHttpRequestHandler.handleRequest(ResourceHttpRequestHandler.java:159)
	at org.springframework.web.servlet.mvc.HttpRequestHandlerAdapter.handle(HttpRequestHandlerAdapter.java:51)
	at org.springframework.web.servlet.DispatcherServlet.doDispatch(DispatcherServlet.java:938)
	at org.springframework.web.servlet.DispatcherServlet.doService(DispatcherServlet.java:870)
	at org.springframework.web.servlet.FrameworkServlet.processRequest(FrameworkServlet.java:961)
	at org.springframework.web.servlet.FrameworkServlet.doGet(FrameworkServlet.java:852)
	at javax.servlet.http.HttpServlet.service(HttpServlet.java:617)
	at org.springframework.web.servlet.FrameworkServlet.service(FrameworkServlet.java:837)
	at javax.servlet.http.HttpServlet.service(HttpServlet.java:723)
	at org.apache.catalina.core.ApplicationFilterChain.internalDoFilter(ApplicationFilterChain.java:290)
	at org.apache.catalina.core.ApplicationFilterChain.doFilter(ApplicationFilterChain.java:206)
	at org.apache.shiro.web.servlet.ProxiedFilterChain.doFilter(ProxiedFilterChain.java:61)
	at org.apache.shiro.web.servlet.AdviceFilter.executeChain(AdviceFilter.java:108)
	at org.apache.shiro.web.servlet.AdviceFilter.doFilterInternal(AdviceFilter.java:137)
	at org.apache.shiro.web.servlet.OncePerRequestFilter.doFilter(OncePerRequestFilter.java:125)
	at org.apache.shiro.web.servlet.ProxiedFilterChain.doFilter(ProxiedFilterChain.java:66)
	at org.apache.shiro.web.servlet.AbstractShiroFilter.executeChain(AbstractShiroFilter.java:449)
	at org.apache.shiro.web.servlet.AbstractShiroFilter$1.call(AbstractShiroFilter.java:365)
	at org.apache.shiro.subject.support.SubjectCallable.doCall(SubjectCallable.java:90)
	at org.apache.shiro.subject.support.SubjectCallable.call(SubjectCallable.java:83)
	at org.apache.shiro.subject.support.DelegatingSubject.execute(DelegatingSubject.java:383)
	at org.apache.shiro.web.servlet.AbstractShiroFilter.doFilterInternal(AbstractShiroFilter.java:362)
	at org.apache.shiro.web.servlet.OncePerRequestFilter.doFilter(OncePerRequestFilter.java:125)
	at org.springframework.web.filter.DelegatingFilterProxy.invokeDelegate(DelegatingFilterProxy.java:344)
	at org.springframework.web.filter.DelegatingFilterProxy.doFilter(DelegatingFilterProxy.java:261)
	at org.apache.catalina.core.ApplicationFilterChain.internalDoFilter(ApplicationFilterChain.java:235)
	at org.apache.catalina.core.ApplicationFilterChain.doFilter(ApplicationFilterChain.java:206)
	at org.springframework.web.filter.CharacterEncodingFilter.doFilterInternal(CharacterEncodingFilter.java:88)
	at org.springframework.web.filter.OncePerRequestFilter.doFilter(OncePerRequestFilter.java:107)
	at org.apache.catalina.core.ApplicationFilterChain.internalDoFilter(ApplicationFilterChain.java:235)
	at org.apache.catalina.core.ApplicationFilterChain.doFilter(ApplicationFilterChain.java:206)
	at org.apache.catalina.core.StandardWrapperValve.invoke(StandardWrapperValve.java:233)
	at org.apache.catalina.core.StandardContextValve.invoke(StandardContextValve.java:191)
	at org.apache.catalina.core.StandardHostValve.invoke(StandardHostValve.java:127)
	at org.apache.catalina.valves.ErrorReportValve.invoke(ErrorReportValve.java:103)
	at org.apache.catalina.core.StandardEngineValve.invoke(StandardEngineValve.java:109)
	at org.apache.catalina.connector.CoyoteAdapter.service(CoyoteAdapter.java:293)
	at org.apache.coyote.http11.Http11Processor.process(Http11Processor.java:861)
	at org.apache.coyote.http11.Http11Protocol$Http11ConnectionHandler.process(Http11Protocol.java:620)
	at org.apache.tomcat.util.net.JIoEndpoint$Worker.run(JIoEndpoint.java:489)
	at java.lang.Thread.run(Thread.java:619)
Caused by: java.net.SocketException: Connection reset by peer: socket write error
	at java.net.SocketOutputStream.socketWrite0(Native Method)
	at java.net.SocketOutputStream.socketWrite(SocketOutputStream.java:92)
	at java.net.SocketOutputStream.write(SocketOutputStream.java:136)
	at org.apache.coyote.http11.InternalOutputBuffer.realWriteBytes(InternalOutputBuffer.java:761)
	at org.apache.tomcat.util.buf.ByteChunk.flushBuffer(ByteChunk.java:448)
	at org.apache.coyote.http11.InternalOutputBuffer.flush(InternalOutputBuffer.java:318)
	at org.apache.coyote.http11.Http11Processor.action(Http11Processor.java:987)
	at org.apache.coyote.Response.action(Response.java:186)
	at org.apache.catalina.connector.OutputBuffer.doFlush(OutputBuffer.java:325)
	... 45 more
2016-04-21 17:32:52,413 [http-8080-3] DEBUG [com.shark.base.modules.sys.security.SystemAuthorizingRealm] - login submit, active session size: 3, username: shark
2016-04-21 17:32:52,428 [http-8080-3] DEBUG [com.shark.base.modules.sys.interceptor.LogInterceptor] - 开始计时: 05:32:52.428  URI: /a
2016-04-21 17:32:52,428 [http-8080-3] DEBUG [com.shark.base.modules.sys.dao.MenuDao.findAllList] - ==>  Preparing: SELECT a.id, a.parent_id AS "parent.id", a.parent_ids, a.name, a.href, a.target, a.icon, a.sort, a.is_show, a.permission, a.remarks, a.create_by AS "createBy.id", a.create_date, a.update_by AS "updateBy.id", a.update_date, a.del_flag, p.name AS "parent.name" FROM sys_menu a LEFT JOIN sys_menu p ON p.id = a.parent_id WHERE a.del_flag = ? ORDER BY a.sort 
2016-04-21 17:32:52,428 [http-8080-3] DEBUG [com.shark.base.modules.sys.dao.MenuDao.findAllList] - ==> Parameters: 0(String)
2016-04-21 17:32:52,475 [http-8080-3] DEBUG [com.shark.base.modules.sys.dao.MenuDao.findAllList] - <==      Total: 49
2016-04-21 17:32:52,475 [http-8080-3] DEBUG [com.shark.base.modules.sys.dao.UserDao.updateLoginInfo] - ==>  Preparing: UPDATE sys_user SET login_ip = ?, login_Date = ? WHERE id = ? 
2016-04-21 17:32:52,475 [http-8080-3] DEBUG [com.shark.base.modules.sys.dao.UserDao.updateLoginInfo] - ==> Parameters: 0:0:0:0:0:0:0:1(String), 2016-04-21 17:32:52.475(Timestamp), 1(String)
2016-04-21 17:32:52,475 [http-8080-3] DEBUG [com.shark.base.modules.sys.dao.UserDao.updateLoginInfo] - <==    Updates: 1
2016-04-21 17:32:52,506 [SaveLogThread] DEBUG [com.shark.base.modules.sys.dao.LogDao.insert] - ==>  Preparing: INSERT INTO sys_log( id, type, title, create_by, create_date, remote_addr, user_agent, request_uri, method, params, exception ) VALUES ( ?, ?, ?, ?, ?, ?, ?, ?, ?, ?, ? ) 
2016-04-21 17:32:52,522 [SaveLogThread] DEBUG [com.shark.base.modules.sys.dao.LogDao.insert] - ==> Parameters: d9c95078e00d40d4863c0e01a78d89e7(String), 1(String), 系统登录(String), 1(String), 2016-04-21 17:32:52.506(Timestamp), 0:0:0:0:0:0:0:1(String), Mozilla/5.0 (Windows NT 6.1; WOW64; Trident/7.0; rv:11.0) like Gecko(String), /a(String), GET(String), login=(String), (String)
2016-04-21 17:32:52,522 [http-8080-3] INFO  [com.shark.base.modules.sys.interceptor.LogInterceptor] - ViewName: modules/sys/new/sysAdminIndex
2016-04-21 17:32:52,522 [http-8080-3] DEBUG [com.shark.base.modules.sys.interceptor.LogInterceptor] - 计时结束：05:32:52.522  耗时：0:0:0.94  URI: /a  最大内存: 986m  已分配内存: 145m  已分配内存中的剩余空间: 23m  最大可用内存: 863m
2016-04-21 17:32:52,553 [SaveLogThread] DEBUG [com.shark.base.modules.sys.dao.LogDao.insert] - <==    Updates: 1
2016-04-21 17:32:52,740 [http-8080-3] DEBUG [com.shark.base.modules.sys.interceptor.LogInterceptor] - 开始计时: 05:32:52.740  URI: /a/sys/mainFrame/adminMain
2016-04-21 17:32:52,756 [http-8080-3] INFO  [com.shark.base.modules.sys.interceptor.LogInterceptor] - ViewName: modules/sys/new/adminMain
2016-04-21 17:32:52,756 [http-8080-3] DEBUG [com.shark.base.modules.sys.interceptor.LogInterceptor] - 计时结束：05:32:52.756  耗时：0:0:0.16  URI: /a/sys/mainFrame/adminMain  最大内存: 986m  已分配内存: 145m  已分配内存中的剩余空间: 22m  最大可用内存: 863m
2016-04-21 17:32:52,803 [http-8080-3] DEBUG [com.shark.base.modules.sys.interceptor.LogInterceptor] - 开始计时: 05:32:52.803  URI: /a/sys/mainFrame/adminTop
2016-04-21 17:32:52,803 [http-8080-7] DEBUG [com.shark.base.modules.sys.interceptor.LogInterceptor] - 开始计时: 05:32:52.803  URI: /a/sys/user/info
2016-04-21 17:32:52,803 [http-8080-8] DEBUG [com.shark.base.modules.sys.interceptor.LogInterceptor] - 开始计时: 05:32:52.803  URI: /a/sys/mainFrame/footer
2016-04-21 17:32:52,803 [http-8080-3] INFO  [com.shark.base.modules.sys.interceptor.LogInterceptor] - ViewName: modules/sys/new/adminTop
2016-04-21 17:32:52,818 [http-8080-7] INFO  [com.shark.base.modules.sys.interceptor.LogInterceptor] - ViewName: modules/sys/userInfo
2016-04-21 17:32:52,818 [http-8080-8] INFO  [com.shark.base.modules.sys.interceptor.LogInterceptor] - ViewName: modules/sys/new/footer
2016-04-21 17:32:52,818 [http-8080-3] DEBUG [com.shark.base.modules.sys.interceptor.LogInterceptor] - 计时结束：05:32:52.818  耗时：0:0:0.15  URI: /a/sys/mainFrame/adminTop  最大内存: 986m  已分配内存: 142m  已分配内存中的剩余空间: 103m  最大可用内存: 947m
2016-04-21 17:32:52,818 [http-8080-8] DEBUG [com.shark.base.modules.sys.interceptor.LogInterceptor] - 计时结束：05:32:52.818  耗时：0:0:0.15  URI: /a/sys/mainFrame/footer  最大内存: 986m  已分配内存: 142m  已分配内存中的剩余空间: 103m  最大可用内存: 947m
2016-04-21 17:32:52,818 [http-8080-7] DEBUG [com.shark.base.modules.sys.interceptor.LogInterceptor] - 计时结束：05:32:52.818  耗时：0:0:0.15  URI: /a/sys/user/info  最大内存: 986m  已分配内存: 142m  已分配内存中的剩余空间: 103m  最大可用内存: 946m
2016-04-21 17:32:52,834 [SaveLogThread] DEBUG [com.shark.base.modules.sys.dao.LogDao.insert] - ==>  Preparing: INSERT INTO sys_log( id, type, title, create_by, create_date, remote_addr, user_agent, request_uri, method, params, exception ) VALUES ( ?, ?, ?, ?, ?, ?, ?, ?, ?, ?, ? ) 
2016-04-21 17:32:52,834 [SaveLogThread] DEBUG [com.shark.base.modules.sys.dao.LogDao.insert] - ==> Parameters: 7fcf8c1d1ae545e3967eb7c9aef491ea(String), 1(String), 我的面板-个人信息-个人信息(String), 1(String), 2016-04-21 17:32:52.834(Timestamp), 0:0:0:0:0:0:0:1(String), Mozilla/5.0 (Windows NT 6.1; WOW64; Trident/7.0; rv:11.0) like Gecko(String), /a/sys/user/info(String), GET(String), (String), (String)
2016-04-21 17:32:52,896 [SaveLogThread] DEBUG [com.shark.base.modules.sys.dao.LogDao.insert] - <==    Updates: 1
2016-04-21 17:32:52,990 [http-8080-7] DEBUG [com.shark.base.modules.sys.interceptor.LogInterceptor] - 开始计时: 05:32:52.990  URI: /a
2016-04-21 17:32:53,005 [http-8080-7] INFO  [com.shark.base.modules.sys.interceptor.LogInterceptor] - ViewName: modules/sys/new/sysAdminIndex
2016-04-21 17:32:53,005 [http-8080-7] DEBUG [com.shark.base.modules.sys.interceptor.LogInterceptor] - 计时结束：05:32:53.005  耗时：0:0:0.15  URI: /a  最大内存: 986m  已分配内存: 142m  已分配内存中的剩余空间: 101m  最大可用内存: 945m
2016-04-21 17:33:12,755 [http-8080-4] DEBUG [com.shark.base.modules.sys.interceptor.LogInterceptor] - 开始计时: 05:33:12.755  URI: /a
2016-04-21 17:33:12,755 [http-8080-4] INFO  [com.shark.base.modules.sys.interceptor.LogInterceptor] - ViewName: modules/sys/new/sysAdminIndex
2016-04-21 17:33:12,755 [http-8080-4] DEBUG [com.shark.base.modules.sys.interceptor.LogInterceptor] - 计时结束：05:33:12.755  耗时：0:0:0.0  URI: /a  最大内存: 986m  已分配内存: 142m  已分配内存中的剩余空间: 96m  最大可用内存: 940m
2016-04-21 17:33:13,082 [http-8080-1] DEBUG [com.shark.base.modules.sys.interceptor.LogInterceptor] - 开始计时: 05:33:13.082  URI: /a/sys/mainFrame/adminMain
2016-04-21 17:33:13,098 [http-8080-1] INFO  [com.shark.base.modules.sys.interceptor.LogInterceptor] - ViewName: modules/sys/new/adminMain
2016-04-21 17:33:13,098 [http-8080-1] DEBUG [com.shark.base.modules.sys.interceptor.LogInterceptor] - 计时结束：05:33:13.098  耗时：0:0:0.16  URI: /a/sys/mainFrame/adminMain  最大内存: 986m  已分配内存: 142m  已分配内存中的剩余空间: 78m  最大可用内存: 921m
2016-04-21 17:33:13,113 [http-8080-4] DEBUG [com.shark.base.modules.sys.interceptor.LogInterceptor] - 开始计时: 05:33:13.113  URI: /a/sys/mainFrame/adminTop
2016-04-21 17:33:13,113 [http-8080-6] DEBUG [com.shark.base.modules.sys.interceptor.LogInterceptor] - 开始计时: 05:33:13.113  URI: /a/sys/user/info
2016-04-21 17:33:13,129 [http-8080-1] DEBUG [com.shark.base.modules.sys.interceptor.LogInterceptor] - 开始计时: 05:33:13.129  URI: /a/sys/mainFrame/footer
2016-04-21 17:33:13,129 [http-8080-4] INFO  [com.shark.base.modules.sys.interceptor.LogInterceptor] - ViewName: modules/sys/new/adminTop
2016-04-21 17:33:13,129 [http-8080-1] INFO  [com.shark.base.modules.sys.interceptor.LogInterceptor] - ViewName: modules/sys/new/footer
2016-04-21 17:33:13,129 [http-8080-6] INFO  [com.shark.base.modules.sys.interceptor.LogInterceptor] - ViewName: modules/sys/userInfo
2016-04-21 17:33:13,129 [http-8080-1] DEBUG [com.shark.base.modules.sys.interceptor.LogInterceptor] - 计时结束：05:33:13.129  耗时：0:0:0.0  URI: /a/sys/mainFrame/footer  最大内存: 986m  已分配内存: 142m  已分配内存中的剩余空间: 76m  最大可用内存: 920m
2016-04-21 17:33:13,129 [http-8080-4] DEBUG [com.shark.base.modules.sys.interceptor.LogInterceptor] - 计时结束：05:33:13.129  耗时：0:0:0.16  URI: /a/sys/mainFrame/adminTop  最大内存: 986m  已分配内存: 142m  已分配内存中的剩余空间: 76m  最大可用内存: 920m
2016-04-21 17:33:13,145 [http-8080-6] DEBUG [com.shark.base.modules.sys.interceptor.LogInterceptor] - 计时结束：05:33:13.145  耗时：0:0:0.32  URI: /a/sys/user/info  最大内存: 986m  已分配内存: 142m  已分配内存中的剩余空间: 75m  最大可用内存: 919m
2016-04-21 17:33:13,145 [SaveLogThread] DEBUG [com.shark.base.modules.sys.dao.LogDao.insert] - ==>  Preparing: INSERT INTO sys_log( id, type, title, create_by, create_date, remote_addr, user_agent, request_uri, method, params, exception ) VALUES ( ?, ?, ?, ?, ?, ?, ?, ?, ?, ?, ? ) 
2016-04-21 17:33:13,145 [SaveLogThread] DEBUG [com.shark.base.modules.sys.dao.LogDao.insert] - ==> Parameters: 975c86a60230490787c3abbeb31f1544(String), 1(String), 我的面板-个人信息-个人信息(String), 1(String), 2016-04-21 17:33:13.145(Timestamp), 0:0:0:0:0:0:0:1(String), Mozilla/4.0 (compatible; MSIE 6.0; Windows NT 6.1; WOW64; SV1; SLCC2; .NET CLR 2.0.50727; .NET CLR 3.5.30729; .NET CLR 3.0.30729; .NET4.0C; .NET4.0E)(String), /a/sys/user/info(String), GET(String), (String), (String)
2016-04-21 17:33:13,207 [SaveLogThread] DEBUG [com.shark.base.modules.sys.dao.LogDao.insert] - <==    Updates: 1
2016-04-21 17:35:31,955 [http-8080-2] DEBUG [com.shark.base.modules.sys.interceptor.LogInterceptor] - 开始计时: 05:35:31.955  URI: /a/sys/user/info
2016-04-21 17:35:31,970 [http-8080-2] INFO  [com.shark.base.modules.sys.interceptor.LogInterceptor] - ViewName: modules/sys/userInfo
2016-04-21 17:35:31,986 [http-8080-2] DEBUG [com.shark.base.modules.sys.interceptor.LogInterceptor] - 计时结束：05:35:31.986  耗时：0:0:0.31  URI: /a/sys/user/info  最大内存: 986m  已分配内存: 142m  已分配内存中的剩余空间: 34m  最大可用内存: 878m
2016-04-21 17:35:31,986 [SaveLogThread] DEBUG [com.shark.base.modules.sys.dao.LogDao.insert] - ==>  Preparing: INSERT INTO sys_log( id, type, title, create_by, create_date, remote_addr, user_agent, request_uri, method, params, exception ) VALUES ( ?, ?, ?, ?, ?, ?, ?, ?, ?, ?, ? ) 
2016-04-21 17:35:31,986 [SaveLogThread] DEBUG [com.shark.base.modules.sys.dao.LogDao.insert] - ==> Parameters: df13a43fd46048e8b71432887e003b7d(String), 1(String), 我的面板-个人信息-个人信息(String), 1(String), 2016-04-21 17:35:31.986(Timestamp), 0:0:0:0:0:0:0:1(String), Mozilla/4.0 (compatible; MSIE 6.0; Windows NT 6.1; WOW64; SV1; SLCC2; .NET CLR 2.0.50727; .NET CLR 3.5.30729; .NET CLR 3.0.30729; .NET4.0C; .NET4.0E)(String), /a/sys/user/info(String), GET(String), (String), (String)
2016-04-21 17:35:32,033 [SaveLogThread] DEBUG [com.shark.base.modules.sys.dao.LogDao.insert] - <==    Updates: 1
2016-04-21 17:43:02,632 [http-8080-2] DEBUG [com.shark.base.modules.sys.security.SystemAuthorizingRealm] - login submit, active session size: 1, username: lisi
2016-04-21 17:43:02,634 [http-8080-2] DEBUG [com.shark.base.modules.sys.dao.UserDao.getByLoginName] - ==>  Preparing: SELECT a.id, a.company_id AS "company.id", a.office_id AS "office.id", a.login_name, a.password, a.no, a.name, a.email, a.phone, a.mobile, a.user_type, a.login_ip, a.login_date, a.remarks, a.login_flag, a.photo, a.create_by AS "createBy.id", a.create_date, a.update_by AS "updateBy.id", a.update_date, a.del_flag, c.name AS "company.name", c.parent_id AS "company.parent.id", c.parent_ids AS "company.parentIds", ca.id AS "company.area.id", ca.name AS "company.area.name", ca.parent_id AS "company.area.parent.id", ca.parent_ids AS "company.area.parentIds", o.name AS "office.name", o.parent_id AS "office.parent.id", o.parent_ids AS "office.parentIds", oa.id AS "office.area.id", oa.name AS "office.area.name", oa.parent_id AS "office.area.parent.id", oa.parent_ids AS "office.area.parentIds", cu.id AS "company.primaryPerson.id", cu.name AS "company.primaryPerson.name", cu2.id AS "company.deputyPerson.id", cu2.name AS "company.deputyPerson.name", ou.id AS "office.primaryPerson.id", ou.name AS "office.primaryPerson.name", ou2.id AS "office.deputyPerson.id", ou2.name AS "office.deputyPerson.name" FROM sys_user a JOIN sys_office c ON c.id = a.company_id JOIN sys_area ca ON ca.id = c.area_id JOIN sys_office o ON o.id = a.office_id JOIN sys_area oa ON oa.id = o.area_id LEFT JOIN sys_user cu ON cu.id = c.primary_person LEFT JOIN sys_user cu2 ON cu2.id = c.deputy_person LEFT JOIN sys_user ou ON ou.id = o.primary_person LEFT JOIN sys_user ou2 ON ou2.id = o.deputy_person WHERE a.login_name = ? AND a.del_flag = ? 
2016-04-21 17:43:02,636 [http-8080-2] DEBUG [com.shark.base.modules.sys.dao.UserDao.getByLoginName] - ==> Parameters: lisi(String), 0(String)
2016-04-21 17:43:02,643 [http-8080-2] DEBUG [com.shark.base.modules.sys.dao.UserDao.getByLoginName] - <==      Total: 1
2016-04-21 17:43:02,645 [http-8080-2] DEBUG [com.shark.base.modules.sys.dao.RoleDao.findList] - ==>  Preparing: SELECT a.id, a.office_id AS "office.id", a.name, a.enname, a.role_type AS roleType, a.data_scope AS dataScope, a.remarks, a.create_by AS "createBy.id", a.create_date, a.update_by AS "updateBy.id", a.update_date, a.del_flag, o.name AS "office.name", o.code, a.useable AS useable, a.is_sys AS sysData , ro.office_id AS "officeList.id" FROM sys_role a LEFT JOIN sys_office o ON o.id = a.office_id LEFT JOIN sys_user_role ur ON ur.role_id = a.id LEFT JOIN sys_user u ON u.id = ur.user_id LEFT JOIN sys_role_office ro ON ro.role_id = a.id WHERE a.del_flag = ? AND a.useable=? AND u.id = ? AND u.login_name = ? ORDER BY o.code, a.name 
2016-04-21 17:43:02,646 [http-8080-2] DEBUG [com.shark.base.modules.sys.dao.RoleDao.findList] - ==> Parameters: 0(String), 1(String), 327dbf859e1f4b1db4905648da750007(String), lisi(String)
2016-04-21 17:43:02,649 [http-8080-2] DEBUG [com.shark.base.modules.sys.dao.RoleDao.findList] - <==      Total: 1
2016-04-21 17:43:02,660 [http-8080-4] DEBUG [com.shark.base.modules.sys.interceptor.LogInterceptor] - 开始计时: 05:43:02.660  URI: /a
2016-04-21 17:43:02,664 [http-8080-4] DEBUG [com.shark.base.modules.sys.dao.MenuDao.findByUserId] - ==>  Preparing: SELECT DISTINCT a.id, a.parent_id AS "parent.id", a.parent_ids, a.name, a.href, a.target, a.icon, a.sort, a.is_show, a.permission, a.remarks, a.create_by AS "createBy.id", a.create_date, a.update_by AS "updateBy.id", a.update_date, a.del_flag, p.name AS "parent.name" FROM sys_menu a LEFT JOIN sys_menu p ON p.id = a.parent_id JOIN sys_role_menu rm ON rm.menu_id = a.id JOIN sys_role r ON r.id = rm.role_id AND r.useable='1' JOIN sys_user_role ur ON ur.role_id = r.id JOIN sys_user u ON u.id = ur.user_id AND u.id = ? WHERE a.del_flag = ? AND r.del_flag = ? AND u.del_flag = ? ORDER BY a.sort 
2016-04-21 17:43:02,665 [http-8080-4] DEBUG [com.shark.base.modules.sys.dao.MenuDao.findByUserId] - ==> Parameters: 327dbf859e1f4b1db4905648da750007(String), 0(String), 0(String), 0(String)
2016-04-21 17:43:02,702 [http-8080-4] DEBUG [com.shark.base.modules.sys.dao.MenuDao.findByUserId] - <==      Total: 9
2016-04-21 17:43:02,705 [http-8080-4] DEBUG [com.shark.base.modules.sys.dao.UserDao.updateLoginInfo] - ==>  Preparing: UPDATE sys_user SET login_ip = ?, login_Date = ? WHERE id = ? 
2016-04-21 17:43:02,706 [http-8080-4] DEBUG [com.shark.base.modules.sys.dao.UserDao.updateLoginInfo] - ==> Parameters: 0:0:0:0:0:0:0:1(String), 2016-04-21 17:43:02.704(Timestamp), 327dbf859e1f4b1db4905648da750007(String)
2016-04-21 17:43:02,707 [http-8080-4] DEBUG [com.shark.base.modules.sys.dao.UserDao.updateLoginInfo] - <==    Updates: 1
2016-04-21 17:43:02,733 [SaveLogThread] DEBUG [com.shark.base.modules.sys.dao.LogDao.insert] - ==>  Preparing: INSERT INTO sys_log( id, type, title, create_by, create_date, remote_addr, user_agent, request_uri, method, params, exception ) VALUES ( ?, ?, ?, ?, ?, ?, ?, ?, ?, ?, ? ) 
2016-04-21 17:43:02,734 [SaveLogThread] DEBUG [com.shark.base.modules.sys.dao.LogDao.insert] - ==> Parameters: cdef4441d65147d38aeb6bc8815c5b32(String), 1(String), 系统登录(String), 327dbf859e1f4b1db4905648da750007(String), 2016-04-21 17:43:02.732(Timestamp), 0:0:0:0:0:0:0:1(String), Mozilla/4.0 (compatible; MSIE 6.0; Windows NT 6.1; WOW64; SV1; SLCC2; .NET CLR 2.0.50727; .NET CLR 3.5.30729; .NET CLR 3.0.30729; .NET4.0C; .NET4.0E)(String), /a(String), GET(String), login=(String), (String)
2016-04-21 17:43:02,735 [http-8080-4] INFO  [com.shark.base.modules.sys.interceptor.LogInterceptor] - ViewName: modules/sys/new/sysIndex
2016-04-21 17:43:02,777 [SaveLogThread] DEBUG [com.shark.base.modules.sys.dao.LogDao.insert] - <==    Updates: 1
2016-04-21 17:43:02,895 [http-8080-4] DEBUG [com.shark.base.modules.sys.interceptor.LogInterceptor] - 计时结束：05:43:02.895  耗时：0:0:0.235  URI: /a  最大内存: 986m  已分配内存: 137m  已分配内存中的剩余空间: 84m  最大可用内存: 933m
2016-04-21 17:43:03,051 [http-8080-4] DEBUG [com.shark.base.modules.sys.interceptor.LogInterceptor] - 开始计时: 05:43:03.051  URI: /a/sys/mainFrame/main
2016-04-21 17:43:03,056 [http-8080-4] INFO  [com.shark.base.modules.sys.interceptor.LogInterceptor] - ViewName: modules/sys/new/main
2016-04-21 17:43:03,183 [http-8080-4] DEBUG [com.shark.base.modules.sys.interceptor.LogInterceptor] - 计时结束：05:43:03.183  耗时：0:0:0.132  URI: /a/sys/mainFrame/main  最大内存: 986m  已分配内存: 137m  已分配内存中的剩余空间: 71m  最大可用内存: 920m
2016-04-21 17:43:03,253 [http-8080-2] DEBUG [com.shark.base.modules.sys.interceptor.LogInterceptor] - 开始计时: 05:43:03.253  URI: /a/sys/mainFrame/top
2016-04-21 17:43:03,253 [http-8080-4] DEBUG [com.shark.base.modules.sys.interceptor.LogInterceptor] - 开始计时: 05:43:03.253  URI: /a/persondetail/persondetail
2016-04-21 17:43:03,259 [http-8080-2] INFO  [com.shark.base.modules.sys.interceptor.LogInterceptor] - ViewName: modules/sys/new/top
2016-04-21 17:43:03,304 [http-8080-4] DEBUG [com.shark.base.common.persistence.interceptor.PaginationInterceptor] - COUNT SQL: select count(1) from (SELECT         a.id AS "id",   a.zb AS "zb",   a.username AS "username",   a.cardno AS "cardno",   a.jyknrylx AS "jyknrylx",   a.zyjsbt AS "zyjsbt",   a.zypxbt AS "zypxbt",   a.shbxbt AS "shbxbt",   a.gwbt AS "gwbt",   a.jxbt AS "jxbt",   a.zxwqyjybt AS "zxwqyjybt",   a.lsshbt AS "lsshbt",   a.cypxbt AS "cypxbt",   a.ycxcyzz AS "ycxcyzz",   a.zjbt AS "zjbt",   a.cyfhbt AS "cyfhbt",   a.cyddjybt AS "cyddjybt",   a.xedbdktx AS "xedbdktx",   a.cyfwzc AS "cyfwzc",   a.frdb AS "frdb",   a.btrs AS "btrs",   a.del_flag AS "delFlag",   a.remarks AS "remarks",   a.update_date AS "updateDate",   a.update_by AS "updateBy.id",   a.create_date AS "createDate",   a.create_by AS "createBy.id"      FROM mxsb_t001_persondetail a           WHERE a.del_flag = ?          ORDER BY a.update_date DESC) tmp_count
2016-04-21 17:43:03,352 [http-8080-4] INFO  [com.shark.base.modules.sys.interceptor.LogInterceptor] - ViewName: project/persondetail/persondetailList
2016-04-21 17:43:03,431 [http-8080-2] DEBUG [com.shark.base.modules.sys.interceptor.LogInterceptor] - 计时结束：05:43:03.431  耗时：0:0:0.178  URI: /a/sys/mainFrame/top  最大内存: 986m  已分配内存: 137m  已分配内存中的剩余空间: 40m  最大可用内存: 889m
2016-04-21 17:43:03,748 [http-8080-4] DEBUG [com.shark.base.modules.sys.dao.DictDao.findAllList] - ==>  Preparing: SELECT * FROM sys_dict WHERE del_flag = ? ORDER BY type, sort, update_date DESC 
2016-04-21 17:43:03,748 [http-8080-4] DEBUG [com.shark.base.modules.sys.dao.DictDao.findAllList] - ==> Parameters: 0(String)
2016-04-21 17:43:03,861 [http-8080-4] DEBUG [com.shark.base.modules.sys.dao.DictDao.findAllList] - <==      Total: 135
2016-04-21 17:43:03,943 [http-8080-4] DEBUG [com.shark.base.modules.sys.interceptor.LogInterceptor] - 计时结束：05:43:03.943  耗时：0:0:0.690  URI: /a/persondetail/persondetail  最大内存: 986m  已分配内存: 134m  已分配内存中的剩余空间: 94m  最大可用内存: 946m
2016-04-21 17:43:03,944 [SaveLogThread] DEBUG [com.shark.base.modules.sys.dao.LogDao.insert] - ==>  Preparing: INSERT INTO sys_log( id, type, title, create_by, create_date, remote_addr, user_agent, request_uri, method, params, exception ) VALUES ( ?, ?, ?, ?, ?, ?, ?, ?, ?, ?, ? ) 
2016-04-21 17:43:03,946 [SaveLogThread] DEBUG [com.shark.base.modules.sys.dao.LogDao.insert] - ==> Parameters: 93a47ff4fdfd4d63af97514043c5490c(String), 1(String), 专项资金人员-专项资金人员(String), 327dbf859e1f4b1db4905648da750007(String), 2016-04-21 17:43:03.944(Timestamp), 0:0:0:0:0:0:0:1(String), Mozilla/4.0 (compatible; MSIE 6.0; Windows NT 6.1; WOW64; SV1; SLCC2; .NET CLR 2.0.50727; .NET CLR 3.5.30729; .NET CLR 3.0.30729; .NET4.0C; .NET4.0E)(String), /a/persondetail/persondetail(String), GET(String), (String), (String)
2016-04-21 17:43:03,969 [SaveLogThread] DEBUG [com.shark.base.modules.sys.dao.LogDao.insert] - <==    Updates: 1
2016-04-21 17:43:18,104 [http-8080-2] DEBUG [com.shark.base.modules.sys.interceptor.LogInterceptor] - 开始计时: 05:43:18.104  URI: /a/persondetail/persondetail/form
2016-04-21 17:43:18,118 [http-8080-2] INFO  [com.shark.base.modules.sys.interceptor.LogInterceptor] - ViewName: project/persondetail/persondetailForm
2016-04-21 17:43:18,356 [http-8080-2] DEBUG [com.shark.base.modules.sys.interceptor.LogInterceptor] - 计时结束：05:43:18.356  耗时：0:0:0.252  URI: /a/persondetail/persondetail/form  最大内存: 986m  已分配内存: 134m  已分配内存中的剩余空间: 65m  最大可用内存: 916m
2016-04-21 17:43:24,837 [http-8080-4] DEBUG [com.shark.base.modules.sys.interceptor.LogInterceptor] - 开始计时: 05:43:24.837  URI: /a/persondetail/persondetail/
2016-04-21 17:43:24,850 [http-8080-4] DEBUG [com.shark.base.common.persistence.interceptor.PaginationInterceptor] - COUNT SQL: select count(1) from (SELECT         a.id AS "id",   a.zb AS "zb",   a.username AS "username",   a.cardno AS "cardno",   a.jyknrylx AS "jyknrylx",   a.zyjsbt AS "zyjsbt",   a.zypxbt AS "zypxbt",   a.shbxbt AS "shbxbt",   a.gwbt AS "gwbt",   a.jxbt AS "jxbt",   a.zxwqyjybt AS "zxwqyjybt",   a.lsshbt AS "lsshbt",   a.cypxbt AS "cypxbt",   a.ycxcyzz AS "ycxcyzz",   a.zjbt AS "zjbt",   a.cyfhbt AS "cyfhbt",   a.cyddjybt AS "cyddjybt",   a.xedbdktx AS "xedbdktx",   a.cyfwzc AS "cyfwzc",   a.frdb AS "frdb",   a.btrs AS "btrs",   a.del_flag AS "delFlag",   a.remarks AS "remarks",   a.update_date AS "updateDate",   a.update_by AS "updateBy.id",   a.create_date AS "createDate",   a.create_by AS "createBy.id"      FROM mxsb_t001_persondetail a           WHERE a.del_flag = ?          ORDER BY a.update_date DESC) tmp_count
2016-04-21 17:43:24,859 [http-8080-4] INFO  [com.shark.base.modules.sys.interceptor.LogInterceptor] - ViewName: project/persondetail/persondetailList
2016-04-21 17:43:24,879 [http-8080-4] DEBUG [com.shark.base.modules.sys.interceptor.LogInterceptor] - 计时结束：05:43:24.879  耗时：0:0:0.42  URI: /a/persondetail/persondetail/  最大内存: 986m  已分配内存: 134m  已分配内存中的剩余空间: 60m  最大可用内存: 911m
