2015-8-1 16:36:49 org.apache.catalina.core.AprLifecycleListener init
信息: The APR based Apache Tomcat Native library which allows optimal performance in production environments was not found on the java.library.path: D:\wujh\software\jdk1.6.0_23\bin;.;C:\Windows\Sun\Java\bin;C:\Windows\system32;C:\Windows;d:\app\Administrator\product\11.2.0\dbhome_1\bin;C:\Program Files (x86)\NVIDIA Corporation\PhysX\Common;C:\Program Files (x86)\Intel\iCLS Client\;C:\Program Files\Intel\iCLS Client\;C:\Windows\system32;C:\Windows;C:\Windows\System32\Wbem;C:\Windows\System32\WindowsPowerShell\v1.0\;C:\Program Files\Intel\Intel(R) Management Engine Components\DAL;C:\Program Files\Intel\Intel(R) Management Engine Components\IPT;C:\Program Files (x86)\Intel\Intel(R) Management Engine Components\DAL;C:\Program Files (x86)\Intel\Intel(R) Management Engine Components\IPT;C:\Program Files (x86)\Windows7Master;C:\Program Files\TortoiseSVN\bin;C:\Program Files (x86)\Microsoft SQL Server\100\Tools\Binn\;C:\Program Files (x86)\Microsoft SQL Server\100\DTS\Binn\;C:\Program Files (x86)\Microsoft SQL Server\100\Tools\Binn\VSShell\Common7\IDE\;D:\wujh\software\jdk1.6.0_23\bin;D:\wujh\software\jdk1.6.0_23\jre\bin;D:\wujh\SpringSide\apache-maven-3.0.3\bin;D:\wujh\SpringSide\apache-maven-3.0.3\bin;
2015-8-1 16:36:49 org.apache.coyote.http11.Http11Protocol init
信息: Initializing Coyote HTTP/1.1 on http-8080
2015-8-1 16:36:49 org.apache.catalina.startup.Catalina load
信息: Initialization processed in 579 ms
2015-8-1 16:36:49 org.apache.catalina.core.StandardService start
信息: Starting service Catalina
2015-8-1 16:36:49 org.apache.catalina.core.StandardEngine start
信息: Starting Servlet Engine: Apache Tomcat/6.0.44
2015-8-1 16:37:01 org.apache.catalina.startup.HostConfig deployDirectory
信息: Deploying web application directory docs
2015-8-1 16:37:01 org.apache.catalina.startup.HostConfig deployDirectory
信息: Deploying web application directory examples
2015-8-1 16:37:01 org.apache.catalina.startup.HostConfig deployDirectory
信息: Deploying web application directory host-manager
2015-8-1 16:37:01 org.apache.catalina.startup.HostConfig deployDirectory
信息: Deploying web application directory manager
2015-8-1 16:37:01 org.apache.coyote.http11.Http11Protocol start
信息: Starting Coyote HTTP/1.1 on http-8080
2015-8-1 16:37:01 org.apache.jk.common.ChannelSocket init
信息: JK: ajp13 listening on /0.0.0.0:8009
2015-8-1 16:37:01 org.apache.jk.server.JkMain start
信息: Jk running ID=0 time=0/17  config=null
2015-8-1 16:37:01 org.apache.catalina.startup.Catalina start
信息: Server startup in 11543 ms
