2016-4-15 11:49:37 org.apache.catalina.core.AprLifecycleListener init
信息: The APR based Apache Tomcat Native library which allows optimal performance in production environments was not found on the java.library.path: E:\jdk\jdk1.6.0_06\bin;.;C:\Windows\Sun\Java\bin;C:\Windows\system32;C:\Windows;C:\Program Files (x86)\NVIDIA Corporation\PhysX\Common;C:\Windows\system32;C:\Windows;C:\Windows\System32\Wbem;C:\Windows\System32\WindowsPowerShell\v1.0\;C:\Users\Administrator\AppData\Local\HelloPlugin\;E:\jdk\jdk1.6.0_06\\bin;E:\jdk\jdk1.6.0_06\\jre;E:\maven\apache-maven-3.0.3\\bin;C:\Program Files\TortoiseSVN\bin;C:\Program Files (x86)\MySQL\MySQL Fabric 1.5.4 & MySQL Utilities 1.5.4 1.5\;C:\Program Files (x86)\MySQL\MySQL Fabric 1.5.4 & MySQL Utilities 1.5.4 1.5\Doctrine extensions for PHP\
2016-4-15 11:49:37 org.apache.coyote.http11.Http11Protocol init
信息: Initializing Coyote HTTP/1.1 on http-8080
2016-4-15 11:49:37 org.apache.catalina.startup.Catalina load
信息: Initialization processed in 341 ms
2016-4-15 11:49:37 org.apache.catalina.core.StandardService start
信息: Starting service Catalina
2016-4-15 11:49:37 org.apache.catalina.core.StandardEngine start
信息: Starting Servlet Engine: Apache Tomcat/6.0.44
2016-4-15 11:49:43 org.apache.catalina.core.StandardContext start
严重: Error listenerStart
2016-4-15 11:49:43 org.apache.catalina.core.StandardContext start
严重: Context [] startup failed due to previous errors
2016-4-15 11:49:43 org.apache.catalina.loader.WebappClassLoader clearReferencesJdbc
严重: The web application [] registered the JDBC driver [com.alibaba.druid.proxy.DruidDriver] but failed to unregister it when the web application was stopped. To prevent a memory leak, the JDBC Driver has been forcibly unregistered.
2016-4-15 11:49:43 org.apache.catalina.loader.WebappClassLoader clearReferencesJdbc
严重: The web application [] registered the JDBC driver [com.mysql.jdbc.Driver] but failed to unregister it when the web application was stopped. To prevent a memory leak, the JDBC Driver has been forcibly unregistered.
2016-4-15 11:49:43 org.apache.catalina.loader.WebappClassLoader clearReferencesThreads
严重: The web application [] appears to have started a thread named [Abandoned connection cleanup thread] but has failed to stop it. This is very likely to create a memory leak.
2016-4-15 11:49:43 org.apache.catalina.loader.WebappClassLoader clearReferencesThreads
严重: The web application [] appears to have started a thread named [Druid-ConnectionPool-Create-21521841] but has failed to stop it. This is very likely to create a memory leak.
2016-4-15 11:49:43 org.apache.catalina.loader.WebappClassLoader clearReferencesThreads
严重: The web application [] appears to have started a thread named [Druid-ConnectionPool-Destroy-21521841] but has failed to stop it. This is very likely to create a memory leak.
2016-4-15 11:49:44 org.apache.catalina.startup.HostConfig deployDescriptor
信息: Deploying configuration descriptor host-manager.xml
2016-4-15 11:49:44 org.apache.catalina.startup.HostConfig deployDescriptor
信息: Deploying configuration descriptor manager.xml
2016-4-15 11:49:44 org.apache.catalina.startup.HostConfig deployDirectory
信息: Deploying web application directory docs
2016-4-15 11:49:44 org.apache.catalina.startup.HostConfig deployDirectory
信息: Deploying web application directory examples
2016-4-15 11:49:44 org.apache.coyote.http11.Http11Protocol start
信息: Starting Coyote HTTP/1.1 on http-8080
2016-4-15 11:49:44 org.apache.jk.common.ChannelSocket init
信息: JK: ajp13 listening on /0.0.0.0:8009
2016-4-15 11:49:44 org.apache.jk.server.JkMain start
信息: Jk running ID=0 time=0/109  config=null
2016-4-15 11:49:44 org.apache.catalina.startup.Catalina start
信息: Server startup in 7206 ms
2016-4-15 11:50:18 org.apache.catalina.core.AprLifecycleListener init
信息: The APR based Apache Tomcat Native library which allows optimal performance in production environments was not found on the java.library.path: E:\jdk\jdk1.6.0_06\bin;.;C:\Windows\Sun\Java\bin;C:\Windows\system32;C:\Windows;C:\Program Files (x86)\NVIDIA Corporation\PhysX\Common;C:\Windows\system32;C:\Windows;C:\Windows\System32\Wbem;C:\Windows\System32\WindowsPowerShell\v1.0\;C:\Users\Administrator\AppData\Local\HelloPlugin\;E:\jdk\jdk1.6.0_06\\bin;E:\jdk\jdk1.6.0_06\\jre;E:\maven\apache-maven-3.0.3\\bin;C:\Program Files\TortoiseSVN\bin;C:\Program Files (x86)\MySQL\MySQL Fabric 1.5.4 & MySQL Utilities 1.5.4 1.5\;C:\Program Files (x86)\MySQL\MySQL Fabric 1.5.4 & MySQL Utilities 1.5.4 1.5\Doctrine extensions for PHP\
2016-4-15 11:50:18 org.apache.coyote.http11.Http11Protocol init
信息: Initializing Coyote HTTP/1.1 on http-8080
2016-4-15 11:50:18 org.apache.catalina.startup.Catalina load
信息: Initialization processed in 304 ms
2016-4-15 11:50:18 org.apache.catalina.core.StandardService start
信息: Starting service Catalina
2016-4-15 11:50:18 org.apache.catalina.core.StandardEngine start
信息: Starting Servlet Engine: Apache Tomcat/6.0.44
2016-4-15 11:50:27 org.apache.catalina.startup.HostConfig deployDescriptor
信息: Deploying configuration descriptor host-manager.xml
2016-4-15 11:50:27 org.apache.catalina.startup.HostConfig deployDescriptor
信息: Deploying configuration descriptor manager.xml
2016-4-15 11:50:27 org.apache.catalina.startup.HostConfig deployDirectory
信息: Deploying web application directory docs
2016-4-15 11:50:27 org.apache.catalina.startup.HostConfig deployDirectory
信息: Deploying web application directory examples
2016-4-15 11:50:27 org.apache.coyote.http11.Http11Protocol start
信息: Starting Coyote HTTP/1.1 on http-8080
2016-4-15 11:50:27 org.apache.jk.common.ChannelSocket init
信息: JK: ajp13 listening on /0.0.0.0:8009
2016-4-15 11:50:27 org.apache.jk.server.JkMain start
信息: Jk running ID=0 time=0/16  config=null
2016-4-15 11:50:27 org.apache.catalina.startup.Catalina start
信息: Server startup in 9276 ms
2016-4-15 14:45:48 org.apache.catalina.core.AprLifecycleListener init
信息: The APR based Apache Tomcat Native library which allows optimal performance in production environments was not found on the java.library.path: E:\jdk\jdk1.6.0_06\bin;.;C:\Windows\Sun\Java\bin;C:\Windows\system32;C:\Windows;C:\Program Files (x86)\NVIDIA Corporation\PhysX\Common;C:\Windows\system32;C:\Windows;C:\Windows\System32\Wbem;C:\Windows\System32\WindowsPowerShell\v1.0\;C:\Users\Administrator\AppData\Local\HelloPlugin\;E:\jdk\jdk1.6.0_06\\bin;E:\jdk\jdk1.6.0_06\\jre;E:\maven\apache-maven-3.0.3\\bin;C:\Program Files\TortoiseSVN\bin;C:\Program Files (x86)\MySQL\MySQL Fabric 1.5.4 & MySQL Utilities 1.5.4 1.5\;C:\Program Files (x86)\MySQL\MySQL Fabric 1.5.4 & MySQL Utilities 1.5.4 1.5\Doctrine extensions for PHP\
2016-4-15 14:45:48 org.apache.coyote.http11.Http11Protocol init
信息: Initializing Coyote HTTP/1.1 on http-8080
2016-4-15 14:45:48 org.apache.catalina.startup.Catalina load
信息: Initialization processed in 309 ms
2016-4-15 14:45:48 org.apache.catalina.core.StandardService start
信息: Starting service Catalina
2016-4-15 14:45:48 org.apache.catalina.core.StandardEngine start
信息: Starting Servlet Engine: Apache Tomcat/6.0.44
2016-4-15 14:45:57 org.apache.catalina.startup.HostConfig deployDescriptor
信息: Deploying configuration descriptor host-manager.xml
2016-4-15 14:45:57 org.apache.catalina.startup.HostConfig deployDescriptor
信息: Deploying configuration descriptor manager.xml
2016-4-15 14:45:57 org.apache.catalina.startup.HostConfig deployDirectory
信息: Deploying web application directory docs
2016-4-15 14:45:57 org.apache.catalina.startup.HostConfig deployDirectory
信息: Deploying web application directory examples
2016-4-15 14:45:57 org.apache.coyote.http11.Http11Protocol start
信息: Starting Coyote HTTP/1.1 on http-8080
2016-4-15 14:45:57 org.apache.jk.common.ChannelSocket init
信息: JK: ajp13 listening on /0.0.0.0:8009
2016-4-15 14:45:57 org.apache.jk.server.JkMain start
信息: Jk running ID=0 time=0/16  config=null
2016-4-15 14:45:57 org.apache.catalina.startup.Catalina start
信息: Server startup in 9001 ms
2016-4-15 15:17:08 org.apache.catalina.core.AprLifecycleListener init
信息: The APR based Apache Tomcat Native library which allows optimal performance in production environments was not found on the java.library.path: E:\jdk\jdk1.6.0_06\bin;.;C:\Windows\Sun\Java\bin;C:\Windows\system32;C:\Windows;C:\Program Files (x86)\NVIDIA Corporation\PhysX\Common;C:\Windows\system32;C:\Windows;C:\Windows\System32\Wbem;C:\Windows\System32\WindowsPowerShell\v1.0\;C:\Users\Administrator\AppData\Local\HelloPlugin\;E:\jdk\jdk1.6.0_06\\bin;E:\jdk\jdk1.6.0_06\\jre;E:\maven\apache-maven-3.0.3\\bin;C:\Program Files\TortoiseSVN\bin;C:\Program Files (x86)\MySQL\MySQL Fabric 1.5.4 & MySQL Utilities 1.5.4 1.5\;C:\Program Files (x86)\MySQL\MySQL Fabric 1.5.4 & MySQL Utilities 1.5.4 1.5\Doctrine extensions for PHP\
2016-4-15 15:17:08 org.apache.coyote.http11.Http11Protocol init
信息: Initializing Coyote HTTP/1.1 on http-8080
2016-4-15 15:17:08 org.apache.catalina.startup.Catalina load
信息: Initialization processed in 309 ms
2016-4-15 15:17:08 org.apache.catalina.core.StandardService start
信息: Starting service Catalina
2016-4-15 15:17:08 org.apache.catalina.core.StandardEngine start
信息: Starting Servlet Engine: Apache Tomcat/6.0.44
2016-4-15 15:17:17 org.apache.catalina.startup.HostConfig deployDescriptor
信息: Deploying configuration descriptor host-manager.xml
2016-4-15 15:17:17 org.apache.catalina.startup.HostConfig deployDescriptor
信息: Deploying configuration descriptor manager.xml
2016-4-15 15:17:17 org.apache.catalina.startup.HostConfig deployDirectory
信息: Deploying web application directory docs
2016-4-15 15:17:17 org.apache.catalina.startup.HostConfig deployDirectory
信息: Deploying web application directory examples
2016-4-15 15:17:17 org.apache.coyote.http11.Http11Protocol start
信息: Starting Coyote HTTP/1.1 on http-8080
2016-4-15 15:17:17 org.apache.jk.common.ChannelSocket init
信息: JK: ajp13 listening on /0.0.0.0:8009
2016-4-15 15:17:17 org.apache.jk.server.JkMain start
信息: Jk running ID=0 time=0/16  config=null
2016-4-15 15:17:17 org.apache.catalina.startup.Catalina start
信息: Server startup in 9053 ms
2016-4-15 15:20:08 org.apache.catalina.core.AprLifecycleListener init
信息: The APR based Apache Tomcat Native library which allows optimal performance in production environments was not found on the java.library.path: E:\jdk\jdk1.6.0_06\bin;.;C:\Windows\Sun\Java\bin;C:\Windows\system32;C:\Windows;C:\Program Files (x86)\NVIDIA Corporation\PhysX\Common;C:\Windows\system32;C:\Windows;C:\Windows\System32\Wbem;C:\Windows\System32\WindowsPowerShell\v1.0\;C:\Users\Administrator\AppData\Local\HelloPlugin\;E:\jdk\jdk1.6.0_06\\bin;E:\jdk\jdk1.6.0_06\\jre;E:\maven\apache-maven-3.0.3\\bin;C:\Program Files\TortoiseSVN\bin;C:\Program Files (x86)\MySQL\MySQL Fabric 1.5.4 & MySQL Utilities 1.5.4 1.5\;C:\Program Files (x86)\MySQL\MySQL Fabric 1.5.4 & MySQL Utilities 1.5.4 1.5\Doctrine extensions for PHP\
2016-4-15 15:20:08 org.apache.coyote.http11.Http11Protocol init
信息: Initializing Coyote HTTP/1.1 on http-8080
2016-4-15 15:20:08 org.apache.catalina.startup.Catalina load
信息: Initialization processed in 453 ms
2016-4-15 15:20:08 org.apache.catalina.core.StandardService start
信息: Starting service Catalina
2016-4-15 15:20:08 org.apache.catalina.core.StandardEngine start
信息: Starting Servlet Engine: Apache Tomcat/6.0.44
2016-4-15 15:20:23 org.apache.catalina.startup.HostConfig deployDescriptor
信息: Deploying configuration descriptor host-manager.xml
2016-4-15 15:20:23 org.apache.catalina.startup.HostConfig deployDescriptor
信息: Deploying configuration descriptor manager.xml
2016-4-15 15:20:23 org.apache.catalina.startup.HostConfig deployDirectory
信息: Deploying web application directory docs
2016-4-15 15:20:23 org.apache.catalina.startup.HostConfig deployDirectory
信息: Deploying web application directory examples
2016-4-15 15:20:23 org.apache.coyote.http11.Http11Protocol start
信息: Starting Coyote HTTP/1.1 on http-8080
2016-4-15 15:20:23 org.apache.jk.common.ChannelSocket init
信息: JK: ajp13 listening on /0.0.0.0:8009
2016-4-15 15:20:23 org.apache.jk.server.JkMain start
信息: Jk running ID=0 time=0/31  config=null
2016-4-15 15:20:23 org.apache.catalina.startup.Catalina start
信息: Server startup in 15159 ms
2016-4-15 15:22:51 org.apache.catalina.core.AprLifecycleListener init
信息: The APR based Apache Tomcat Native library which allows optimal performance in production environments was not found on the java.library.path: E:\jdk\jdk1.6.0_06\bin;.;C:\Windows\Sun\Java\bin;C:\Windows\system32;C:\Windows;C:\Program Files (x86)\NVIDIA Corporation\PhysX\Common;C:\Windows\system32;C:\Windows;C:\Windows\System32\Wbem;C:\Windows\System32\WindowsPowerShell\v1.0\;C:\Users\Administrator\AppData\Local\HelloPlugin\;E:\jdk\jdk1.6.0_06\\bin;E:\jdk\jdk1.6.0_06\\jre;E:\maven\apache-maven-3.0.3\\bin;C:\Program Files\TortoiseSVN\bin;C:\Program Files (x86)\MySQL\MySQL Fabric 1.5.4 & MySQL Utilities 1.5.4 1.5\;C:\Program Files (x86)\MySQL\MySQL Fabric 1.5.4 & MySQL Utilities 1.5.4 1.5\Doctrine extensions for PHP\
2016-4-15 15:22:51 org.apache.coyote.http11.Http11Protocol init
信息: Initializing Coyote HTTP/1.1 on http-8080
2016-4-15 15:22:51 org.apache.catalina.startup.Catalina load
信息: Initialization processed in 460 ms
2016-4-15 15:22:51 org.apache.catalina.core.StandardService start
信息: Starting service Catalina
2016-4-15 15:22:51 org.apache.catalina.core.StandardEngine start
信息: Starting Servlet Engine: Apache Tomcat/6.0.44
2016-4-15 15:23:06 org.apache.catalina.startup.HostConfig deployDescriptor
信息: Deploying configuration descriptor host-manager.xml
2016-4-15 15:23:07 org.apache.catalina.startup.HostConfig deployDescriptor
信息: Deploying configuration descriptor manager.xml
2016-4-15 15:23:07 org.apache.catalina.startup.HostConfig deployDirectory
信息: Deploying web application directory docs
2016-4-15 15:23:07 org.apache.catalina.startup.HostConfig deployDirectory
信息: Deploying web application directory examples
2016-4-15 15:23:07 org.apache.coyote.http11.Http11Protocol start
信息: Starting Coyote HTTP/1.1 on http-8080
2016-4-15 15:23:07 org.apache.jk.common.ChannelSocket init
信息: JK: ajp13 listening on /0.0.0.0:8009
2016-4-15 15:23:07 org.apache.jk.server.JkMain start
信息: Jk running ID=0 time=0/32  config=null
2016-4-15 15:23:07 org.apache.catalina.startup.Catalina start
信息: Server startup in 15714 ms
2016-4-15 15:38:47 org.apache.catalina.core.AprLifecycleListener init
信息: The APR based Apache Tomcat Native library which allows optimal performance in production environments was not found on the java.library.path: E:\jdk\jdk1.6.0_06\bin;.;C:\Windows\Sun\Java\bin;C:\Windows\system32;C:\Windows;C:\Program Files (x86)\NVIDIA Corporation\PhysX\Common;C:\Windows\system32;C:\Windows;C:\Windows\System32\Wbem;C:\Windows\System32\WindowsPowerShell\v1.0\;C:\Users\Administrator\AppData\Local\HelloPlugin\;E:\jdk\jdk1.6.0_06\\bin;E:\jdk\jdk1.6.0_06\\jre;E:\maven\apache-maven-3.0.3\\bin;C:\Program Files\TortoiseSVN\bin;C:\Program Files (x86)\MySQL\MySQL Fabric 1.5.4 & MySQL Utilities 1.5.4 1.5\;C:\Program Files (x86)\MySQL\MySQL Fabric 1.5.4 & MySQL Utilities 1.5.4 1.5\Doctrine extensions for PHP\
2016-4-15 15:38:47 org.apache.coyote.http11.Http11Protocol init
信息: Initializing Coyote HTTP/1.1 on http-8080
2016-4-15 15:38:47 org.apache.catalina.startup.Catalina load
信息: Initialization processed in 439 ms
2016-4-15 15:38:47 org.apache.catalina.core.StandardService start
信息: Starting service Catalina
2016-4-15 15:38:47 org.apache.catalina.core.StandardEngine start
信息: Starting Servlet Engine: Apache Tomcat/6.0.44
2016-4-15 15:39:03 org.apache.catalina.startup.HostConfig deployDescriptor
信息: Deploying configuration descriptor host-manager.xml
2016-4-15 15:39:03 org.apache.catalina.startup.HostConfig deployDescriptor
信息: Deploying configuration descriptor manager.xml
2016-4-15 15:39:03 org.apache.catalina.startup.HostConfig deployDirectory
信息: Deploying web application directory docs
2016-4-15 15:39:03 org.apache.catalina.startup.HostConfig deployDirectory
信息: Deploying web application directory examples
2016-4-15 15:39:03 org.apache.coyote.http11.Http11Protocol start
信息: Starting Coyote HTTP/1.1 on http-8080
2016-4-15 15:39:03 org.apache.jk.common.ChannelSocket init
信息: JK: ajp13 listening on /0.0.0.0:8009
2016-4-15 15:39:03 org.apache.jk.server.JkMain start
信息: Jk running ID=0 time=0/31  config=null
2016-4-15 15:39:03 org.apache.catalina.startup.Catalina start
信息: Server startup in 15871 ms
