2016-11-4 9:53:26 org.apache.catalina.core.ApplicationContext log
信息: ContextListener: contextInitialized()
2016-11-4 9:53:26 org.apache.catalina.core.ApplicationContext log
信息: SessionListener: contextInitialized()
2016-11-4 9:54:50 org.apache.catalina.core.StandardContext listenerStart
严重: Error configuring application listener of class com.shark.base.modules.sys.listener.WebContextListener
java.lang.ClassNotFoundException: com.shark.base.modules.sys.listener.WebContextListener
	at org.apache.catalina.loader.WebappClassLoader.loadClass(WebappClassLoader.java:1680)
	at org.apache.catalina.loader.WebappClassLoader.loadClass(WebappClassLoader.java:1526)
	at org.apache.catalina.core.StandardContext.listenerStart(StandardContext.java:4153)
	at org.apache.catalina.core.StandardContext.start(StandardContext.java:4709)
	at org.apache.catalina.core.ContainerBase.start(ContainerBase.java:1060)
	at org.apache.catalina.core.StandardHost.start(StandardHost.java:822)
	at org.apache.catalina.core.ContainerBase.start(ContainerBase.java:1060)
	at org.apache.catalina.core.StandardEngine.start(StandardEngine.java:463)
	at org.apache.catalina.core.StandardService.start(StandardService.java:525)
	at org.apache.catalina.core.StandardServer.start(StandardServer.java:759)
	at org.apache.catalina.startup.Catalina.start(Catalina.java:595)
	at sun.reflect.NativeMethodAccessorImpl.invoke0(Native Method)
	at sun.reflect.NativeMethodAccessorImpl.invoke(NativeMethodAccessorImpl.java:39)
	at sun.reflect.DelegatingMethodAccessorImpl.invoke(DelegatingMethodAccessorImpl.java:25)
	at java.lang.reflect.Method.invoke(Method.java:597)
	at org.apache.catalina.startup.Bootstrap.start(Bootstrap.java:289)
	at org.apache.catalina.startup.Bootstrap.main(Bootstrap.java:414)
2016-11-4 9:54:50 org.apache.catalina.core.StandardContext listenerStart
严重: Skipped installing application listeners due to previous error(s)
2016-11-4 9:54:50 org.apache.catalina.core.ApplicationContext log
信息: ContextListener: contextInitialized()
2016-11-4 9:54:50 org.apache.catalina.core.ApplicationContext log
信息: SessionListener: contextInitialized()
2016-11-4 10:13:02 org.apache.catalina.core.StandardContext listenerStart
严重: Error configuring application listener of class com.shark.base.modules.sys.listener.WebContextListener
java.lang.ClassNotFoundException: com.shark.base.modules.sys.listener.WebContextListener
	at org.apache.catalina.loader.WebappClassLoader.loadClass(WebappClassLoader.java:1680)
	at org.apache.catalina.loader.WebappClassLoader.loadClass(WebappClassLoader.java:1526)
	at org.apache.catalina.core.StandardContext.listenerStart(StandardContext.java:4153)
	at org.apache.catalina.core.StandardContext.start(StandardContext.java:4709)
	at org.apache.catalina.core.ContainerBase.start(ContainerBase.java:1060)
	at org.apache.catalina.core.StandardHost.start(StandardHost.java:822)
	at org.apache.catalina.core.ContainerBase.start(ContainerBase.java:1060)
	at org.apache.catalina.core.StandardEngine.start(StandardEngine.java:463)
	at org.apache.catalina.core.StandardService.start(StandardService.java:525)
	at org.apache.catalina.core.StandardServer.start(StandardServer.java:759)
	at org.apache.catalina.startup.Catalina.start(Catalina.java:595)
	at sun.reflect.NativeMethodAccessorImpl.invoke0(Native Method)
	at sun.reflect.NativeMethodAccessorImpl.invoke(NativeMethodAccessorImpl.java:39)
	at sun.reflect.DelegatingMethodAccessorImpl.invoke(DelegatingMethodAccessorImpl.java:25)
	at java.lang.reflect.Method.invoke(Method.java:597)
	at org.apache.catalina.startup.Bootstrap.start(Bootstrap.java:289)
	at org.apache.catalina.startup.Bootstrap.main(Bootstrap.java:414)
2016-11-4 10:13:02 org.apache.catalina.core.StandardContext listenerStart
严重: Skipped installing application listeners due to previous error(s)
2016-11-4 10:13:02 org.apache.catalina.core.ApplicationContext log
信息: ContextListener: contextInitialized()
2016-11-4 10:13:02 org.apache.catalina.core.ApplicationContext log
信息: SessionListener: contextInitialized()
